[0.010s] Invoking command in '/home/tural/ros2_ws/build/turtlebot3_bringup': CMAKE_PREFIX_PATH=/home/tural/ros2_ws/install/turtlebot3_node:/home/tural/ros2_ws/install/turtlebot3_msgs:/home/tural/ros2_ws/install/turtlebot3_description:/home/tural/ros2_ws/install/turtlebot3:/home/tural/ros2_ws/install/turtlebot3_simulations:/home/tural/ros2_ws/install/turtlebot3_bringup:/home/tural/ros2_ws/install/turtlebot3_navigation2:/home/tural/ros2_ws/install/turtlebot3_fake_node:/home/tural/ros2_ws/install/turtlebot3_gazebo:/home/tural/ros2_ws/install/turtlebot3_cartographer:/opt/ros/jazzy/opt/gz_sim_vendor:/opt/ros/jazzy/opt/gz_sensors_vendor:/opt/ros/jazzy/opt/gz_physics_vendor:/opt/ros/jazzy/opt/sdformat_vendor:/opt/ros/jazzy/opt/gz_gui_vendor:/opt/ros/jazzy/opt/gz_transport_vendor:/opt/ros/jazzy/opt/gz_rendering_vendor:/opt/ros/jazzy/opt/gz_plugin_vendor:/opt/ros/jazzy/opt/gz_fuel_tools_vendor:/opt/ros/jazzy/opt/gz_msgs_vendor:/opt/ros/jazzy/opt/gz_common_vendor:/opt/ros/jazzy/opt/gz_math_vendor:/opt/ros/jazzy/opt/gz_utils_vendor:/opt/ros/jazzy/opt/gz_tools_vendor:/opt/ros/jazzy/opt/gz_ogre_next_vendor:/opt/ros/jazzy/opt/gz_dartsim_vendor:/opt/ros/jazzy/opt/gz_cmake_vendor:/home/tural/ros2_ws/install/turtlebot3_teleop:/home/tural/ros2_ws/install/turtlebot3_example:/opt/ros/jazzy DEBUGINFOD_URLS=https://debuginfod.ubuntu.com PYTHONPATH=/home/tural/ros2_ws/install/turtlebot3_msgs/lib/python3.12/site-packages:/home/tural/ros2_ws/build/turtlebot3_teleop:/home/tural/ros2_ws/install/turtlebot3_teleop/lib/python3.12/site-packages:/home/tural/ros2_ws/build/turtlebot3_example:/home/tural/ros2_ws/install/turtlebot3_example/lib/python3.12/site-packages:/opt/ros/jazzy/lib/python3.12/site-packages /usr/bin/cmake /home/tural/ros2_ws/src/turtlebot3/turtlebot3_bringup -DCMAKE_INSTALL_PREFIX=/home/tural/ros2_ws/install/turtlebot3_bringup
[0.053s] -- The C compiler identification is GNU 11.5.0
[0.098s] -- The CXX compiler identification is GNU 11.5.0
[0.116s] -- Detecting C compiler ABI info
[0.182s] -- Detecting C compiler ABI info - done
[0.189s] -- Check for working C compiler: /usr/lib/ccache/cc - skipped
[0.189s] -- Detecting C compile features
[0.189s] -- Detecting C compile features - done
[0.200s] -- Detecting CXX compiler ABI info
[0.270s] -- Detecting CXX compiler ABI info - done
[0.276s] -- Check for working CXX compiler: /usr/lib/ccache/c++ - skipped
[0.276s] -- Detecting CXX compile features
[0.276s] -- Detecting CXX compile features - done
[0.279s] -- Found ament_cmake: 2.5.4 (/opt/ros/jazzy/share/ament_cmake/cmake)
[0.398s] -- Found Python3: /usr/bin/python3 (found version "3.12.3") found components: Interpreter 
[0.562s] -- Configuring done (0.5s)
[0.564s] -- Generating done (0.0s)
[0.565s] -- Build files have been written to: /home/tural/ros2_ws/build/turtlebot3_bringup
[0.568s] Invoked command in '/home/tural/ros2_ws/build/turtlebot3_bringup' returned '0': CMAKE_PREFIX_PATH=/home/tural/ros2_ws/install/turtlebot3_node:/home/tural/ros2_ws/install/turtlebot3_msgs:/home/tural/ros2_ws/install/turtlebot3_description:/home/tural/ros2_ws/install/turtlebot3:/home/tural/ros2_ws/install/turtlebot3_simulations:/home/tural/ros2_ws/install/turtlebot3_bringup:/home/tural/ros2_ws/install/turtlebot3_navigation2:/home/tural/ros2_ws/install/turtlebot3_fake_node:/home/tural/ros2_ws/install/turtlebot3_gazebo:/home/tural/ros2_ws/install/turtlebot3_cartographer:/opt/ros/jazzy/opt/gz_sim_vendor:/opt/ros/jazzy/opt/gz_sensors_vendor:/opt/ros/jazzy/opt/gz_physics_vendor:/opt/ros/jazzy/opt/sdformat_vendor:/opt/ros/jazzy/opt/gz_gui_vendor:/opt/ros/jazzy/opt/gz_transport_vendor:/opt/ros/jazzy/opt/gz_rendering_vendor:/opt/ros/jazzy/opt/gz_plugin_vendor:/opt/ros/jazzy/opt/gz_fuel_tools_vendor:/opt/ros/jazzy/opt/gz_msgs_vendor:/opt/ros/jazzy/opt/gz_common_vendor:/opt/ros/jazzy/opt/gz_math_vendor:/opt/ros/jazzy/opt/gz_utils_vendor:/opt/ros/jazzy/opt/gz_tools_vendor:/opt/ros/jazzy/opt/gz_ogre_next_vendor:/opt/ros/jazzy/opt/gz_dartsim_vendor:/opt/ros/jazzy/opt/gz_cmake_vendor:/home/tural/ros2_ws/install/turtlebot3_teleop:/home/tural/ros2_ws/install/turtlebot3_example:/opt/ros/jazzy DEBUGINFOD_URLS=https://debuginfod.ubuntu.com PYTHONPATH=/home/tural/ros2_ws/install/turtlebot3_msgs/lib/python3.12/site-packages:/home/tural/ros2_ws/build/turtlebot3_teleop:/home/tural/ros2_ws/install/turtlebot3_teleop/lib/python3.12/site-packages:/home/tural/ros2_ws/build/turtlebot3_example:/home/tural/ros2_ws/install/turtlebot3_example/lib/python3.12/site-packages:/opt/ros/jazzy/lib/python3.12/site-packages /usr/bin/cmake /home/tural/ros2_ws/src/turtlebot3/turtlebot3_bringup -DCMAKE_INSTALL_PREFIX=/home/tural/ros2_ws/install/turtlebot3_bringup
[0.569s] Invoking command in '/home/tural/ros2_ws/build/turtlebot3_bringup': CMAKE_PREFIX_PATH=/home/tural/ros2_ws/install/turtlebot3_node:/home/tural/ros2_ws/install/turtlebot3_msgs:/home/tural/ros2_ws/install/turtlebot3_description:/home/tural/ros2_ws/install/turtlebot3:/home/tural/ros2_ws/install/turtlebot3_simulations:/home/tural/ros2_ws/install/turtlebot3_bringup:/home/tural/ros2_ws/install/turtlebot3_navigation2:/home/tural/ros2_ws/install/turtlebot3_fake_node:/home/tural/ros2_ws/install/turtlebot3_gazebo:/home/tural/ros2_ws/install/turtlebot3_cartographer:/opt/ros/jazzy/opt/gz_sim_vendor:/opt/ros/jazzy/opt/gz_sensors_vendor:/opt/ros/jazzy/opt/gz_physics_vendor:/opt/ros/jazzy/opt/sdformat_vendor:/opt/ros/jazzy/opt/gz_gui_vendor:/opt/ros/jazzy/opt/gz_transport_vendor:/opt/ros/jazzy/opt/gz_rendering_vendor:/opt/ros/jazzy/opt/gz_plugin_vendor:/opt/ros/jazzy/opt/gz_fuel_tools_vendor:/opt/ros/jazzy/opt/gz_msgs_vendor:/opt/ros/jazzy/opt/gz_common_vendor:/opt/ros/jazzy/opt/gz_math_vendor:/opt/ros/jazzy/opt/gz_utils_vendor:/opt/ros/jazzy/opt/gz_tools_vendor:/opt/ros/jazzy/opt/gz_ogre_next_vendor:/opt/ros/jazzy/opt/gz_dartsim_vendor:/opt/ros/jazzy/opt/gz_cmake_vendor:/home/tural/ros2_ws/install/turtlebot3_teleop:/home/tural/ros2_ws/install/turtlebot3_example:/opt/ros/jazzy DEBUGINFOD_URLS=https://debuginfod.ubuntu.com PYTHONPATH=/home/tural/ros2_ws/install/turtlebot3_msgs/lib/python3.12/site-packages:/home/tural/ros2_ws/build/turtlebot3_teleop:/home/tural/ros2_ws/install/turtlebot3_teleop/lib/python3.12/site-packages:/home/tural/ros2_ws/build/turtlebot3_example:/home/tural/ros2_ws/install/turtlebot3_example/lib/python3.12/site-packages:/opt/ros/jazzy/lib/python3.12/site-packages /usr/bin/cmake --build /home/tural/ros2_ws/build/turtlebot3_bringup -- -j16 -l16
[0.606s] Invoked command in '/home/tural/ros2_ws/build/turtlebot3_bringup' returned '0': CMAKE_PREFIX_PATH=/home/tural/ros2_ws/install/turtlebot3_node:/home/tural/ros2_ws/install/turtlebot3_msgs:/home/tural/ros2_ws/install/turtlebot3_description:/home/tural/ros2_ws/install/turtlebot3:/home/tural/ros2_ws/install/turtlebot3_simulations:/home/tural/ros2_ws/install/turtlebot3_bringup:/home/tural/ros2_ws/install/turtlebot3_navigation2:/home/tural/ros2_ws/install/turtlebot3_fake_node:/home/tural/ros2_ws/install/turtlebot3_gazebo:/home/tural/ros2_ws/install/turtlebot3_cartographer:/opt/ros/jazzy/opt/gz_sim_vendor:/opt/ros/jazzy/opt/gz_sensors_vendor:/opt/ros/jazzy/opt/gz_physics_vendor:/opt/ros/jazzy/opt/sdformat_vendor:/opt/ros/jazzy/opt/gz_gui_vendor:/opt/ros/jazzy/opt/gz_transport_vendor:/opt/ros/jazzy/opt/gz_rendering_vendor:/opt/ros/jazzy/opt/gz_plugin_vendor:/opt/ros/jazzy/opt/gz_fuel_tools_vendor:/opt/ros/jazzy/opt/gz_msgs_vendor:/opt/ros/jazzy/opt/gz_common_vendor:/opt/ros/jazzy/opt/gz_math_vendor:/opt/ros/jazzy/opt/gz_utils_vendor:/opt/ros/jazzy/opt/gz_tools_vendor:/opt/ros/jazzy/opt/gz_ogre_next_vendor:/opt/ros/jazzy/opt/gz_dartsim_vendor:/opt/ros/jazzy/opt/gz_cmake_vendor:/home/tural/ros2_ws/install/turtlebot3_teleop:/home/tural/ros2_ws/install/turtlebot3_example:/opt/ros/jazzy DEBUGINFOD_URLS=https://debuginfod.ubuntu.com PYTHONPATH=/home/tural/ros2_ws/install/turtlebot3_msgs/lib/python3.12/site-packages:/home/tural/ros2_ws/build/turtlebot3_teleop:/home/tural/ros2_ws/install/turtlebot3_teleop/lib/python3.12/site-packages:/home/tural/ros2_ws/build/turtlebot3_example:/home/tural/ros2_ws/install/turtlebot3_example/lib/python3.12/site-packages:/opt/ros/jazzy/lib/python3.12/site-packages /usr/bin/cmake --build /home/tural/ros2_ws/build/turtlebot3_bringup -- -j16 -l16
[0.607s] Invoking command in '/home/tural/ros2_ws/build/turtlebot3_bringup': CMAKE_PREFIX_PATH=/home/tural/ros2_ws/install/turtlebot3_node:/home/tural/ros2_ws/install/turtlebot3_msgs:/home/tural/ros2_ws/install/turtlebot3_description:/home/tural/ros2_ws/install/turtlebot3:/home/tural/ros2_ws/install/turtlebot3_simulations:/home/tural/ros2_ws/install/turtlebot3_bringup:/home/tural/ros2_ws/install/turtlebot3_navigation2:/home/tural/ros2_ws/install/turtlebot3_fake_node:/home/tural/ros2_ws/install/turtlebot3_gazebo:/home/tural/ros2_ws/install/turtlebot3_cartographer:/opt/ros/jazzy/opt/gz_sim_vendor:/opt/ros/jazzy/opt/gz_sensors_vendor:/opt/ros/jazzy/opt/gz_physics_vendor:/opt/ros/jazzy/opt/sdformat_vendor:/opt/ros/jazzy/opt/gz_gui_vendor:/opt/ros/jazzy/opt/gz_transport_vendor:/opt/ros/jazzy/opt/gz_rendering_vendor:/opt/ros/jazzy/opt/gz_plugin_vendor:/opt/ros/jazzy/opt/gz_fuel_tools_vendor:/opt/ros/jazzy/opt/gz_msgs_vendor:/opt/ros/jazzy/opt/gz_common_vendor:/opt/ros/jazzy/opt/gz_math_vendor:/opt/ros/jazzy/opt/gz_utils_vendor:/opt/ros/jazzy/opt/gz_tools_vendor:/opt/ros/jazzy/opt/gz_ogre_next_vendor:/opt/ros/jazzy/opt/gz_dartsim_vendor:/opt/ros/jazzy/opt/gz_cmake_vendor:/home/tural/ros2_ws/install/turtlebot3_teleop:/home/tural/ros2_ws/install/turtlebot3_example:/opt/ros/jazzy DEBUGINFOD_URLS=https://debuginfod.ubuntu.com PYTHONPATH=/home/tural/ros2_ws/install/turtlebot3_msgs/lib/python3.12/site-packages:/home/tural/ros2_ws/build/turtlebot3_teleop:/home/tural/ros2_ws/install/turtlebot3_teleop/lib/python3.12/site-packages:/home/tural/ros2_ws/build/turtlebot3_example:/home/tural/ros2_ws/install/turtlebot3_example/lib/python3.12/site-packages:/opt/ros/jazzy/lib/python3.12/site-packages /usr/bin/cmake --install /home/tural/ros2_ws/build/turtlebot3_bringup
[0.614s] -- Install configuration: ""
[0.614s] -- Installing: /home/tural/ros2_ws/install/turtlebot3_bringup/share/turtlebot3_bringup/launch
[0.614s] -- Installing: /home/tural/ros2_ws/install/turtlebot3_bringup/share/turtlebot3_bringup/launch/turtlebot3_state_publisher.launch.py
[0.614s] -- Installing: /home/tural/ros2_ws/install/turtlebot3_bringup/share/turtlebot3_bringup/launch/rviz2.launch.py
[0.614s] -- Installing: /home/tural/ros2_ws/install/turtlebot3_bringup/share/turtlebot3_bringup/launch/camera.launch.py
[0.615s] -- Installing: /home/tural/ros2_ws/install/turtlebot3_bringup/share/turtlebot3_bringup/launch/robot.launch.py
[0.615s] -- Installing: /home/tural/ros2_ws/install/turtlebot3_bringup/share/turtlebot3_bringup/param
[0.615s] -- Installing: /home/tural/ros2_ws/install/turtlebot3_bringup/share/turtlebot3_bringup/param/burger.yaml
[0.615s] -- Installing: /home/tural/ros2_ws/install/turtlebot3_bringup/share/turtlebot3_bringup/param/humble
[0.615s] -- Installing: /home/tural/ros2_ws/install/turtlebot3_bringup/share/turtlebot3_bringup/param/humble/burger.yaml
[0.615s] -- Installing: /home/tural/ros2_ws/install/turtlebot3_bringup/share/turtlebot3_bringup/param/humble/waffle_pi.yaml
[0.615s] -- Installing: /home/tural/ros2_ws/install/turtlebot3_bringup/share/turtlebot3_bringup/param/humble/waffle.yaml
[0.615s] -- Installing: /home/tural/ros2_ws/install/turtlebot3_bringup/share/turtlebot3_bringup/param/waffle_pi.yaml
[0.616s] -- Installing: /home/tural/ros2_ws/install/turtlebot3_bringup/share/turtlebot3_bringup/param/waffle.yaml
[0.616s] -- Installing: /home/tural/ros2_ws/install/turtlebot3_bringup/share/turtlebot3_bringup/script
[0.616s] -- Installing: /home/tural/ros2_ws/install/turtlebot3_bringup/share/turtlebot3_bringup/script/create_udev_rules
[0.616s] -- Installing: /home/tural/ros2_ws/install/turtlebot3_bringup/share/turtlebot3_bringup/script/99-turtlebot3-cdc.rules
[0.616s] -- Installing: /home/tural/ros2_ws/install/turtlebot3_bringup/share/ament_index/resource_index/package_run_dependencies/turtlebot3_bringup
[0.616s] -- Installing: /home/tural/ros2_ws/install/turtlebot3_bringup/share/ament_index/resource_index/parent_prefix_path/turtlebot3_bringup
[0.616s] -- Installing: /home/tural/ros2_ws/install/turtlebot3_bringup/share/turtlebot3_bringup/environment/ament_prefix_path.sh
[0.616s] -- Installing: /home/tural/ros2_ws/install/turtlebot3_bringup/share/turtlebot3_bringup/environment/ament_prefix_path.dsv
[0.616s] -- Installing: /home/tural/ros2_ws/install/turtlebot3_bringup/share/turtlebot3_bringup/environment/path.sh
[0.616s] -- Installing: /home/tural/ros2_ws/install/turtlebot3_bringup/share/turtlebot3_bringup/environment/path.dsv
[0.616s] -- Installing: /home/tural/ros2_ws/install/turtlebot3_bringup/share/turtlebot3_bringup/local_setup.bash
[0.617s] -- Installing: /home/tural/ros2_ws/install/turtlebot3_bringup/share/turtlebot3_bringup/local_setup.sh
[0.617s] -- Installing: /home/tural/ros2_ws/install/turtlebot3_bringup/share/turtlebot3_bringup/local_setup.zsh
[0.617s] -- Installing: /home/tural/ros2_ws/install/turtlebot3_bringup/share/turtlebot3_bringup/local_setup.dsv
[0.617s] -- Installing: /home/tural/ros2_ws/install/turtlebot3_bringup/share/turtlebot3_bringup/package.dsv
[0.617s] -- Installing: /home/tural/ros2_ws/install/turtlebot3_bringup/share/ament_index/resource_index/packages/turtlebot3_bringup
[0.617s] -- Installing: /home/tural/ros2_ws/install/turtlebot3_bringup/share/turtlebot3_bringup/cmake/turtlebot3_bringupConfig.cmake
[0.617s] -- Installing: /home/tural/ros2_ws/install/turtlebot3_bringup/share/turtlebot3_bringup/cmake/turtlebot3_bringupConfig-version.cmake
[0.617s] -- Installing: /home/tural/ros2_ws/install/turtlebot3_bringup/share/turtlebot3_bringup/package.xml
[0.618s] Invoked command in '/home/tural/ros2_ws/build/turtlebot3_bringup' returned '0': CMAKE_PREFIX_PATH=/home/tural/ros2_ws/install/turtlebot3_node:/home/tural/ros2_ws/install/turtlebot3_msgs:/home/tural/ros2_ws/install/turtlebot3_description:/home/tural/ros2_ws/install/turtlebot3:/home/tural/ros2_ws/install/turtlebot3_simulations:/home/tural/ros2_ws/install/turtlebot3_bringup:/home/tural/ros2_ws/install/turtlebot3_navigation2:/home/tural/ros2_ws/install/turtlebot3_fake_node:/home/tural/ros2_ws/install/turtlebot3_gazebo:/home/tural/ros2_ws/install/turtlebot3_cartographer:/opt/ros/jazzy/opt/gz_sim_vendor:/opt/ros/jazzy/opt/gz_sensors_vendor:/opt/ros/jazzy/opt/gz_physics_vendor:/opt/ros/jazzy/opt/sdformat_vendor:/opt/ros/jazzy/opt/gz_gui_vendor:/opt/ros/jazzy/opt/gz_transport_vendor:/opt/ros/jazzy/opt/gz_rendering_vendor:/opt/ros/jazzy/opt/gz_plugin_vendor:/opt/ros/jazzy/opt/gz_fuel_tools_vendor:/opt/ros/jazzy/opt/gz_msgs_vendor:/opt/ros/jazzy/opt/gz_common_vendor:/opt/ros/jazzy/opt/gz_math_vendor:/opt/ros/jazzy/opt/gz_utils_vendor:/opt/ros/jazzy/opt/gz_tools_vendor:/opt/ros/jazzy/opt/gz_ogre_next_vendor:/opt/ros/jazzy/opt/gz_dartsim_vendor:/opt/ros/jazzy/opt/gz_cmake_vendor:/home/tural/ros2_ws/install/turtlebot3_teleop:/home/tural/ros2_ws/install/turtlebot3_example:/opt/ros/jazzy DEBUGINFOD_URLS=https://debuginfod.ubuntu.com PYTHONPATH=/home/tural/ros2_ws/install/turtlebot3_msgs/lib/python3.12/site-packages:/home/tural/ros2_ws/build/turtlebot3_teleop:/home/tural/ros2_ws/install/turtlebot3_teleop/lib/python3.12/site-packages:/home/tural/ros2_ws/build/turtlebot3_example:/home/tural/ros2_ws/install/turtlebot3_example/lib/python3.12/site-packages:/opt/ros/jazzy/lib/python3.12/site-packages /usr/bin/cmake --install /home/tural/ros2_ws/build/turtlebot3_bringup
