-- The C compiler identification is GNU 11.5.0
-- The CXX compiler identification is GNU 11.5.0
-- Detecting C compiler ABI info
-- Detecting C compiler ABI info - done
-- Check for working C compiler: /usr/lib/ccache/cc - skipped
-- Detecting C compile features
-- Detecting C compile features - done
-- Detecting CXX compiler ABI info
-- Detecting CXX compiler ABI info - done
-- Check for working CXX compiler: /usr/lib/ccache/c++ - skipped
-- Detecting CXX compile features
-- Detecting CXX compile features - done
-- Found ament_cmake: 2.5.4 (/opt/ros/jazzy/share/ament_cmake/cmake)
-- Found Python3: /usr/bin/python3 (found version "3.12.3") found components: Interpreter 
-- Found dynamixel_sdk: 3.8.4 (/opt/ros/jazzy/share/dynamixel_sdk/cmake)
-- Found geometry_msgs: 5.3.6 (/opt/ros/jazzy/share/geometry_msgs/cmake)
-- Found rosidl_generator_c: 4.6.6 (/opt/ros/jazzy/share/rosidl_generator_c/cmake)
-- Found rosidl_generator_cpp: 4.6.6 (/opt/ros/jazzy/share/rosidl_generator_cpp/cmake)
-- Using all available rosidl_typesupport_c: rosidl_typesupport_fastrtps_c;rosidl_typesupport_introspection_c
-- Using all available rosidl_typesupport_cpp: rosidl_typesupport_fastrtps_cpp;rosidl_typesupport_introspection_cpp
-- Found message_filters: 4.11.8 (/opt/ros/jazzy/share/message_filters/cmake)
-- Found rmw_implementation_cmake: 7.3.2 (/opt/ros/jazzy/share/rmw_implementation_cmake/cmake)
-- Found rmw_fastrtps_cpp: 8.4.3 (/opt/ros/jazzy/share/rmw_fastrtps_cpp/cmake)
-- Found OpenSSL: /usr/lib/x86_64-linux-gnu/libcrypto.so (found version "3.0.13")  
-- Found FastRTPS: /opt/ros/jazzy/include (Required is at least version "2.13") 
-- Using RMW implementation 'rmw_fastrtps_cpp' as default
-- Found nav_msgs: 5.3.6 (/opt/ros/jazzy/share/nav_msgs/cmake)
-- Found sensor_msgs: 5.3.6 (/opt/ros/jazzy/share/sensor_msgs/cmake)
-- Found std_srvs: 5.3.6 (/opt/ros/jazzy/share/std_srvs/cmake)
-- Found tf2: 0.36.14 (/opt/ros/jazzy/share/tf2/cmake)
-- Found tf2_ros: 0.36.14 (/opt/ros/jazzy/share/tf2_ros/cmake)
-- Found turtlebot3_msgs: 2.4.0 (/home/tural/ros2_ws/install/turtlebot3_msgs/share/turtlebot3_msgs/cmake)
-- Configuring done (1.2s)
-- Generating done (0.0s)
-- Build files have been written to: /home/tural/ros2_ws/build/turtlebot3_node
[ 21%] Building CXX object CMakeFiles/turtlebot3_node_lib.dir/src/sensors/joint_state.cpp.o
[ 21%] Building CXX object CMakeFiles/turtlebot3_node_lib.dir/src/sensors/sensor_state.cpp.o
[ 21%] Building CXX object CMakeFiles/turtlebot3_node_lib.dir/src/sensors/battery_state.cpp.o
[ 35%] Building CXX object CMakeFiles/turtlebot3_node_lib.dir/src/odometry.cpp.o
[ 35%] Building CXX object CMakeFiles/turtlebot3_node_lib.dir/src/devices/reset.cpp.o
[ 42%] Building CXX object CMakeFiles/turtlebot3_node_lib.dir/src/diff_drive_controller.cpp.o
[ 57%] Building CXX object CMakeFiles/turtlebot3_node_lib.dir/src/dynamixel_sdk_wrapper.cpp.o
[ 57%] Building CXX object CMakeFiles/turtlebot3_node_lib.dir/src/devices/motor_power.cpp.o
[ 64%] Building CXX object CMakeFiles/turtlebot3_node_lib.dir/src/sensors/imu.cpp.o
[ 71%] Building CXX object CMakeFiles/turtlebot3_node_lib.dir/src/devices/sound.cpp.o
[ 78%] Building CXX object CMakeFiles/turtlebot3_node_lib.dir/src/turtlebot3.cpp.o
[ 85%] Linking CXX static library libturtlebot3_node_lib.a
[ 85%] Built target turtlebot3_node_lib
[ 92%] Building CXX object CMakeFiles/turtlebot3_ros.dir/src/node_main.cpp.o
[100%] Linking CXX executable turtlebot3_ros
[100%] Built target turtlebot3_ros
-- Install configuration: ""
-- Installing: /home/tural/ros2_ws/install/turtlebot3_node/share/turtlebot3_node/param
-- Installing: /home/tural/ros2_ws/install/turtlebot3_node/share/turtlebot3_node/param/burger.yaml
-- Installing: /home/tural/ros2_ws/install/turtlebot3_node/share/turtlebot3_node/param/waffle_pi.yaml
-- Installing: /home/tural/ros2_ws/install/turtlebot3_node/share/turtlebot3_node/param/waffle.yaml
-- Installing: /home/tural/ros2_ws/install/turtlebot3_node/lib/turtlebot3_node/turtlebot3_ros
-- Set non-toolchain portion of runtime path of "/home/tural/ros2_ws/install/turtlebot3_node/lib/turtlebot3_node/turtlebot3_ros" to ""
-- Installing: /home/tural/ros2_ws/install/turtlebot3_node/share/ament_index/resource_index/package_run_dependencies/turtlebot3_node
-- Installing: /home/tural/ros2_ws/install/turtlebot3_node/share/ament_index/resource_index/parent_prefix_path/turtlebot3_node
-- Installing: /home/tural/ros2_ws/install/turtlebot3_node/share/turtlebot3_node/environment/ament_prefix_path.sh
-- Installing: /home/tural/ros2_ws/install/turtlebot3_node/share/turtlebot3_node/environment/ament_prefix_path.dsv
-- Installing: /home/tural/ros2_ws/install/turtlebot3_node/share/turtlebot3_node/environment/path.sh
-- Installing: /home/tural/ros2_ws/install/turtlebot3_node/share/turtlebot3_node/environment/path.dsv
-- Installing: /home/tural/ros2_ws/install/turtlebot3_node/share/turtlebot3_node/local_setup.bash
-- Installing: /home/tural/ros2_ws/install/turtlebot3_node/share/turtlebot3_node/local_setup.sh
-- Installing: /home/tural/ros2_ws/install/turtlebot3_node/share/turtlebot3_node/local_setup.zsh
-- Installing: /home/tural/ros2_ws/install/turtlebot3_node/share/turtlebot3_node/local_setup.dsv
-- Installing: /home/tural/ros2_ws/install/turtlebot3_node/share/turtlebot3_node/package.dsv
-- Installing: /home/tural/ros2_ws/install/turtlebot3_node/share/ament_index/resource_index/packages/turtlebot3_node
-- Installing: /home/tural/ros2_ws/install/turtlebot3_node/share/turtlebot3_node/cmake/ament_cmake_export_dependencies-extras.cmake
-- Installing: /home/tural/ros2_ws/install/turtlebot3_node/share/turtlebot3_node/cmake/ament_cmake_export_include_directories-extras.cmake
-- Installing: /home/tural/ros2_ws/install/turtlebot3_node/share/turtlebot3_node/cmake/turtlebot3_nodeConfig.cmake
-- Installing: /home/tural/ros2_ws/install/turtlebot3_node/share/turtlebot3_node/cmake/turtlebot3_nodeConfig-version.cmake
-- Installing: /home/tural/ros2_ws/install/turtlebot3_node/share/turtlebot3_node/package.xml
