[0.012s] Invoking command in '/home/tural/ros2_ws/build/turtlebot3_node': CMAKE_PREFIX_PATH=/home/tural/ros2_ws/install/turtlebot3_msgs:/home/tural/ros2_ws/install/turtlebot3:/home/tural/ros2_ws/install/turtlebot3_simulations:/home/tural/ros2_ws/install/turtlebot3_bringup:/home/tural/ros2_ws/install/turtlebot3_node:/home/tural/ros2_ws/install/turtlebot3_navigation2:/home/tural/ros2_ws/install/turtlebot3_fake_node:/home/tural/ros2_ws/install/turtlebot3_gazebo:/home/tural/ros2_ws/install/turtlebot3_description:/home/tural/ros2_ws/install/turtlebot3_cartographer:/opt/ros/jazzy/opt/gz_sim_vendor:/opt/ros/jazzy/opt/gz_sensors_vendor:/opt/ros/jazzy/opt/gz_physics_vendor:/opt/ros/jazzy/opt/sdformat_vendor:/opt/ros/jazzy/opt/gz_gui_vendor:/opt/ros/jazzy/opt/gz_transport_vendor:/opt/ros/jazzy/opt/gz_rendering_vendor:/opt/ros/jazzy/opt/gz_plugin_vendor:/opt/ros/jazzy/opt/gz_fuel_tools_vendor:/opt/ros/jazzy/opt/gz_msgs_vendor:/opt/ros/jazzy/opt/gz_common_vendor:/opt/ros/jazzy/opt/gz_math_vendor:/opt/ros/jazzy/opt/gz_utils_vendor:/opt/ros/jazzy/opt/gz_tools_vendor:/opt/ros/jazzy/opt/gz_ogre_next_vendor:/opt/ros/jazzy/opt/gz_dartsim_vendor:/opt/ros/jazzy/opt/gz_cmake_vendor:/home/tural/ros2_ws/install/turtlebot3_teleop:/home/tural/ros2_ws/install/turtlebot3_example:/opt/ros/jazzy DEBUGINFOD_URLS=https://debuginfod.ubuntu.com PYTHONPATH=/home/tural/ros2_ws/install/turtlebot3_msgs/lib/python3.12/site-packages:/home/tural/ros2_ws/build/turtlebot3_teleop:/home/tural/ros2_ws/install/turtlebot3_teleop/lib/python3.12/site-packages:/home/tural/ros2_ws/build/turtlebot3_example:/home/tural/ros2_ws/install/turtlebot3_example/lib/python3.12/site-packages:/opt/ros/jazzy/lib/python3.12/site-packages /usr/bin/cmake /home/tural/ros2_ws/src/turtlebot3/turtlebot3_node -DCMAKE_INSTALL_PREFIX=/home/tural/ros2_ws/install/turtlebot3_node
[0.170s] -- The C compiler identification is GNU 11.5.0
[0.170s] -- The CXX compiler identification is GNU 11.5.0
[0.170s] -- Detecting C compiler ABI info
[0.187s] -- Detecting C compiler ABI info - done
[0.193s] -- Check for working C compiler: /usr/lib/ccache/cc - skipped
[0.193s] -- Detecting C compile features
[0.194s] -- Detecting C compile features - done
[0.203s] -- Detecting CXX compiler ABI info
[0.274s] -- Detecting CXX compiler ABI info - done
[0.280s] -- Check for working CXX compiler: /usr/lib/ccache/c++ - skipped
[0.280s] -- Detecting CXX compile features
[0.281s] -- Detecting CXX compile features - done
[0.284s] -- Found ament_cmake: 2.5.4 (/opt/ros/jazzy/share/ament_cmake/cmake)
[0.409s] -- Found Python3: /usr/bin/python3 (found version "3.12.3") found components: Interpreter 
[0.509s] -- Found dynamixel_sdk: 3.8.4 (/opt/ros/jazzy/share/dynamixel_sdk/cmake)
[0.514s] -- Found geometry_msgs: 5.3.6 (/opt/ros/jazzy/share/geometry_msgs/cmake)
[0.559s] -- Found rosidl_generator_c: 4.6.6 (/opt/ros/jazzy/share/rosidl_generator_c/cmake)
[0.572s] -- Found rosidl_generator_cpp: 4.6.6 (/opt/ros/jazzy/share/rosidl_generator_cpp/cmake)
[0.588s] -- Using all available rosidl_typesupport_c: rosidl_typesupport_fastrtps_c;rosidl_typesupport_introspection_c
[0.608s] -- Using all available rosidl_typesupport_cpp: rosidl_typesupport_fastrtps_cpp;rosidl_typesupport_introspection_cpp
[0.651s] -- Found message_filters: 4.11.8 (/opt/ros/jazzy/share/message_filters/cmake)
[0.715s] -- Found rmw_implementation_cmake: 7.3.2 (/opt/ros/jazzy/share/rmw_implementation_cmake/cmake)
[0.718s] -- Found rmw_fastrtps_cpp: 8.4.3 (/opt/ros/jazzy/share/rmw_fastrtps_cpp/cmake)
[0.798s] -- Found OpenSSL: /usr/lib/x86_64-linux-gnu/libcrypto.so (found version "3.0.13")  
[0.818s] -- Found FastRTPS: /opt/ros/jazzy/include (Required is at least version "2.13") 
[0.841s] -- Using RMW implementation 'rmw_fastrtps_cpp' as default
[0.904s] -- Found nav_msgs: 5.3.6 (/opt/ros/jazzy/share/nav_msgs/cmake)
[0.925s] -- Found sensor_msgs: 5.3.6 (/opt/ros/jazzy/share/sensor_msgs/cmake)
[1.032s] -- Found std_srvs: 5.3.6 (/opt/ros/jazzy/share/std_srvs/cmake)
[1.050s] -- Found tf2: 0.36.14 (/opt/ros/jazzy/share/tf2/cmake)
[1.055s] -- Found tf2_ros: 0.36.14 (/opt/ros/jazzy/share/tf2_ros/cmake)
[1.159s] -- Found turtlebot3_msgs: 2.4.0 (/home/tural/ros2_ws/install/turtlebot3_msgs/share/turtlebot3_msgs/cmake)
[1.256s] -- Configuring done (1.2s)
[1.271s] -- Generating done (0.0s)
[1.275s] -- Build files have been written to: /home/tural/ros2_ws/build/turtlebot3_node
[1.284s] Invoked command in '/home/tural/ros2_ws/build/turtlebot3_node' returned '0': CMAKE_PREFIX_PATH=/home/tural/ros2_ws/install/turtlebot3_msgs:/home/tural/ros2_ws/install/turtlebot3:/home/tural/ros2_ws/install/turtlebot3_simulations:/home/tural/ros2_ws/install/turtlebot3_bringup:/home/tural/ros2_ws/install/turtlebot3_node:/home/tural/ros2_ws/install/turtlebot3_navigation2:/home/tural/ros2_ws/install/turtlebot3_fake_node:/home/tural/ros2_ws/install/turtlebot3_gazebo:/home/tural/ros2_ws/install/turtlebot3_description:/home/tural/ros2_ws/install/turtlebot3_cartographer:/opt/ros/jazzy/opt/gz_sim_vendor:/opt/ros/jazzy/opt/gz_sensors_vendor:/opt/ros/jazzy/opt/gz_physics_vendor:/opt/ros/jazzy/opt/sdformat_vendor:/opt/ros/jazzy/opt/gz_gui_vendor:/opt/ros/jazzy/opt/gz_transport_vendor:/opt/ros/jazzy/opt/gz_rendering_vendor:/opt/ros/jazzy/opt/gz_plugin_vendor:/opt/ros/jazzy/opt/gz_fuel_tools_vendor:/opt/ros/jazzy/opt/gz_msgs_vendor:/opt/ros/jazzy/opt/gz_common_vendor:/opt/ros/jazzy/opt/gz_math_vendor:/opt/ros/jazzy/opt/gz_utils_vendor:/opt/ros/jazzy/opt/gz_tools_vendor:/opt/ros/jazzy/opt/gz_ogre_next_vendor:/opt/ros/jazzy/opt/gz_dartsim_vendor:/opt/ros/jazzy/opt/gz_cmake_vendor:/home/tural/ros2_ws/install/turtlebot3_teleop:/home/tural/ros2_ws/install/turtlebot3_example:/opt/ros/jazzy DEBUGINFOD_URLS=https://debuginfod.ubuntu.com PYTHONPATH=/home/tural/ros2_ws/install/turtlebot3_msgs/lib/python3.12/site-packages:/home/tural/ros2_ws/build/turtlebot3_teleop:/home/tural/ros2_ws/install/turtlebot3_teleop/lib/python3.12/site-packages:/home/tural/ros2_ws/build/turtlebot3_example:/home/tural/ros2_ws/install/turtlebot3_example/lib/python3.12/site-packages:/opt/ros/jazzy/lib/python3.12/site-packages /usr/bin/cmake /home/tural/ros2_ws/src/turtlebot3/turtlebot3_node -DCMAKE_INSTALL_PREFIX=/home/tural/ros2_ws/install/turtlebot3_node
[1.285s] Invoking command in '/home/tural/ros2_ws/build/turtlebot3_node': CMAKE_PREFIX_PATH=/home/tural/ros2_ws/install/turtlebot3_msgs:/home/tural/ros2_ws/install/turtlebot3:/home/tural/ros2_ws/install/turtlebot3_simulations:/home/tural/ros2_ws/install/turtlebot3_bringup:/home/tural/ros2_ws/install/turtlebot3_node:/home/tural/ros2_ws/install/turtlebot3_navigation2:/home/tural/ros2_ws/install/turtlebot3_fake_node:/home/tural/ros2_ws/install/turtlebot3_gazebo:/home/tural/ros2_ws/install/turtlebot3_description:/home/tural/ros2_ws/install/turtlebot3_cartographer:/opt/ros/jazzy/opt/gz_sim_vendor:/opt/ros/jazzy/opt/gz_sensors_vendor:/opt/ros/jazzy/opt/gz_physics_vendor:/opt/ros/jazzy/opt/sdformat_vendor:/opt/ros/jazzy/opt/gz_gui_vendor:/opt/ros/jazzy/opt/gz_transport_vendor:/opt/ros/jazzy/opt/gz_rendering_vendor:/opt/ros/jazzy/opt/gz_plugin_vendor:/opt/ros/jazzy/opt/gz_fuel_tools_vendor:/opt/ros/jazzy/opt/gz_msgs_vendor:/opt/ros/jazzy/opt/gz_common_vendor:/opt/ros/jazzy/opt/gz_math_vendor:/opt/ros/jazzy/opt/gz_utils_vendor:/opt/ros/jazzy/opt/gz_tools_vendor:/opt/ros/jazzy/opt/gz_ogre_next_vendor:/opt/ros/jazzy/opt/gz_dartsim_vendor:/opt/ros/jazzy/opt/gz_cmake_vendor:/home/tural/ros2_ws/install/turtlebot3_teleop:/home/tural/ros2_ws/install/turtlebot3_example:/opt/ros/jazzy DEBUGINFOD_URLS=https://debuginfod.ubuntu.com PYTHONPATH=/home/tural/ros2_ws/install/turtlebot3_msgs/lib/python3.12/site-packages:/home/tural/ros2_ws/build/turtlebot3_teleop:/home/tural/ros2_ws/install/turtlebot3_teleop/lib/python3.12/site-packages:/home/tural/ros2_ws/build/turtlebot3_example:/home/tural/ros2_ws/install/turtlebot3_example/lib/python3.12/site-packages:/opt/ros/jazzy/lib/python3.12/site-packages /usr/bin/cmake --build /home/tural/ros2_ws/build/turtlebot3_node -- -j16 -l16
[1.327s] [ 21%] Building CXX object CMakeFiles/turtlebot3_node_lib.dir/src/sensors/joint_state.cpp.o
[1.327s] [ 21%] Building CXX object CMakeFiles/turtlebot3_node_lib.dir/src/sensors/sensor_state.cpp.o
[1.327s] [ 21%] Building CXX object CMakeFiles/turtlebot3_node_lib.dir/src/sensors/battery_state.cpp.o
[1.327s] [ 35%] Building CXX object CMakeFiles/turtlebot3_node_lib.dir/src/odometry.cpp.o
[1.327s] [ 35%] Building CXX object CMakeFiles/turtlebot3_node_lib.dir/src/devices/reset.cpp.o
[1.327s] [ 42%] Building CXX object CMakeFiles/turtlebot3_node_lib.dir/src/diff_drive_controller.cpp.o
[1.328s] [ 57%] Building CXX object CMakeFiles/turtlebot3_node_lib.dir/src/dynamixel_sdk_wrapper.cpp.o
[1.328s] [ 57%] Building CXX object CMakeFiles/turtlebot3_node_lib.dir/src/devices/motor_power.cpp.o
[1.328s] [ 64%] Building CXX object CMakeFiles/turtlebot3_node_lib.dir/src/sensors/imu.cpp.o
[1.328s] [ 71%] Building CXX object CMakeFiles/turtlebot3_node_lib.dir/src/devices/sound.cpp.o
[1.329s] [ 78%] Building CXX object CMakeFiles/turtlebot3_node_lib.dir/src/turtlebot3.cpp.o
[1.367s] [ 85%] Linking CXX static library libturtlebot3_node_lib.a
[1.838s] [ 85%] Built target turtlebot3_node_lib
[1.856s] [ 92%] Building CXX object CMakeFiles/turtlebot3_ros.dir/src/node_main.cpp.o
[1.872s] [100%] Linking CXX executable turtlebot3_ros
[2.835s] [100%] Built target turtlebot3_ros
[2.845s] Invoked command in '/home/tural/ros2_ws/build/turtlebot3_node' returned '0': CMAKE_PREFIX_PATH=/home/tural/ros2_ws/install/turtlebot3_msgs:/home/tural/ros2_ws/install/turtlebot3:/home/tural/ros2_ws/install/turtlebot3_simulations:/home/tural/ros2_ws/install/turtlebot3_bringup:/home/tural/ros2_ws/install/turtlebot3_node:/home/tural/ros2_ws/install/turtlebot3_navigation2:/home/tural/ros2_ws/install/turtlebot3_fake_node:/home/tural/ros2_ws/install/turtlebot3_gazebo:/home/tural/ros2_ws/install/turtlebot3_description:/home/tural/ros2_ws/install/turtlebot3_cartographer:/opt/ros/jazzy/opt/gz_sim_vendor:/opt/ros/jazzy/opt/gz_sensors_vendor:/opt/ros/jazzy/opt/gz_physics_vendor:/opt/ros/jazzy/opt/sdformat_vendor:/opt/ros/jazzy/opt/gz_gui_vendor:/opt/ros/jazzy/opt/gz_transport_vendor:/opt/ros/jazzy/opt/gz_rendering_vendor:/opt/ros/jazzy/opt/gz_plugin_vendor:/opt/ros/jazzy/opt/gz_fuel_tools_vendor:/opt/ros/jazzy/opt/gz_msgs_vendor:/opt/ros/jazzy/opt/gz_common_vendor:/opt/ros/jazzy/opt/gz_math_vendor:/opt/ros/jazzy/opt/gz_utils_vendor:/opt/ros/jazzy/opt/gz_tools_vendor:/opt/ros/jazzy/opt/gz_ogre_next_vendor:/opt/ros/jazzy/opt/gz_dartsim_vendor:/opt/ros/jazzy/opt/gz_cmake_vendor:/home/tural/ros2_ws/install/turtlebot3_teleop:/home/tural/ros2_ws/install/turtlebot3_example:/opt/ros/jazzy DEBUGINFOD_URLS=https://debuginfod.ubuntu.com PYTHONPATH=/home/tural/ros2_ws/install/turtlebot3_msgs/lib/python3.12/site-packages:/home/tural/ros2_ws/build/turtlebot3_teleop:/home/tural/ros2_ws/install/turtlebot3_teleop/lib/python3.12/site-packages:/home/tural/ros2_ws/build/turtlebot3_example:/home/tural/ros2_ws/install/turtlebot3_example/lib/python3.12/site-packages:/opt/ros/jazzy/lib/python3.12/site-packages /usr/bin/cmake --build /home/tural/ros2_ws/build/turtlebot3_node -- -j16 -l16
[2.846s] Invoking command in '/home/tural/ros2_ws/build/turtlebot3_node': CMAKE_PREFIX_PATH=/home/tural/ros2_ws/install/turtlebot3_msgs:/home/tural/ros2_ws/install/turtlebot3:/home/tural/ros2_ws/install/turtlebot3_simulations:/home/tural/ros2_ws/install/turtlebot3_bringup:/home/tural/ros2_ws/install/turtlebot3_node:/home/tural/ros2_ws/install/turtlebot3_navigation2:/home/tural/ros2_ws/install/turtlebot3_fake_node:/home/tural/ros2_ws/install/turtlebot3_gazebo:/home/tural/ros2_ws/install/turtlebot3_description:/home/tural/ros2_ws/install/turtlebot3_cartographer:/opt/ros/jazzy/opt/gz_sim_vendor:/opt/ros/jazzy/opt/gz_sensors_vendor:/opt/ros/jazzy/opt/gz_physics_vendor:/opt/ros/jazzy/opt/sdformat_vendor:/opt/ros/jazzy/opt/gz_gui_vendor:/opt/ros/jazzy/opt/gz_transport_vendor:/opt/ros/jazzy/opt/gz_rendering_vendor:/opt/ros/jazzy/opt/gz_plugin_vendor:/opt/ros/jazzy/opt/gz_fuel_tools_vendor:/opt/ros/jazzy/opt/gz_msgs_vendor:/opt/ros/jazzy/opt/gz_common_vendor:/opt/ros/jazzy/opt/gz_math_vendor:/opt/ros/jazzy/opt/gz_utils_vendor:/opt/ros/jazzy/opt/gz_tools_vendor:/opt/ros/jazzy/opt/gz_ogre_next_vendor:/opt/ros/jazzy/opt/gz_dartsim_vendor:/opt/ros/jazzy/opt/gz_cmake_vendor:/home/tural/ros2_ws/install/turtlebot3_teleop:/home/tural/ros2_ws/install/turtlebot3_example:/opt/ros/jazzy DEBUGINFOD_URLS=https://debuginfod.ubuntu.com PYTHONPATH=/home/tural/ros2_ws/install/turtlebot3_msgs/lib/python3.12/site-packages:/home/tural/ros2_ws/build/turtlebot3_teleop:/home/tural/ros2_ws/install/turtlebot3_teleop/lib/python3.12/site-packages:/home/tural/ros2_ws/build/turtlebot3_example:/home/tural/ros2_ws/install/turtlebot3_example/lib/python3.12/site-packages:/opt/ros/jazzy/lib/python3.12/site-packages /usr/bin/cmake --install /home/tural/ros2_ws/build/turtlebot3_node
[2.852s] -- Install configuration: ""
[2.852s] -- Installing: /home/tural/ros2_ws/install/turtlebot3_node/share/turtlebot3_node/param
[2.852s] -- Installing: /home/tural/ros2_ws/install/turtlebot3_node/share/turtlebot3_node/param/burger.yaml
[2.853s] -- Installing: /home/tural/ros2_ws/install/turtlebot3_node/share/turtlebot3_node/param/waffle_pi.yaml
[2.853s] -- Installing: /home/tural/ros2_ws/install/turtlebot3_node/share/turtlebot3_node/param/waffle.yaml
[2.853s] -- Installing: /home/tural/ros2_ws/install/turtlebot3_node/lib/turtlebot3_node/turtlebot3_ros
[2.863s] -- Set non-toolchain portion of runtime path of "/home/tural/ros2_ws/install/turtlebot3_node/lib/turtlebot3_node/turtlebot3_ros" to ""
[2.863s] -- Installing: /home/tural/ros2_ws/install/turtlebot3_node/share/ament_index/resource_index/package_run_dependencies/turtlebot3_node
[2.863s] -- Installing: /home/tural/ros2_ws/install/turtlebot3_node/share/ament_index/resource_index/parent_prefix_path/turtlebot3_node
[2.863s] -- Installing: /home/tural/ros2_ws/install/turtlebot3_node/share/turtlebot3_node/environment/ament_prefix_path.sh
[2.863s] -- Installing: /home/tural/ros2_ws/install/turtlebot3_node/share/turtlebot3_node/environment/ament_prefix_path.dsv
[2.863s] -- Installing: /home/tural/ros2_ws/install/turtlebot3_node/share/turtlebot3_node/environment/path.sh
[2.863s] -- Installing: /home/tural/ros2_ws/install/turtlebot3_node/share/turtlebot3_node/environment/path.dsv
[2.863s] -- Installing: /home/tural/ros2_ws/install/turtlebot3_node/share/turtlebot3_node/local_setup.bash
[2.863s] -- Installing: /home/tural/ros2_ws/install/turtlebot3_node/share/turtlebot3_node/local_setup.sh
[2.863s] -- Installing: /home/tural/ros2_ws/install/turtlebot3_node/share/turtlebot3_node/local_setup.zsh
[2.863s] -- Installing: /home/tural/ros2_ws/install/turtlebot3_node/share/turtlebot3_node/local_setup.dsv
[2.863s] -- Installing: /home/tural/ros2_ws/install/turtlebot3_node/share/turtlebot3_node/package.dsv
[2.863s] -- Installing: /home/tural/ros2_ws/install/turtlebot3_node/share/ament_index/resource_index/packages/turtlebot3_node
[2.864s] -- Installing: /home/tural/ros2_ws/install/turtlebot3_node/share/turtlebot3_node/cmake/ament_cmake_export_dependencies-extras.cmake
[2.864s] -- Installing: /home/tural/ros2_ws/install/turtlebot3_node/share/turtlebot3_node/cmake/ament_cmake_export_include_directories-extras.cmake
[2.864s] -- Installing: /home/tural/ros2_ws/install/turtlebot3_node/share/turtlebot3_node/cmake/turtlebot3_nodeConfig.cmake
[2.864s] -- Installing: /home/tural/ros2_ws/install/turtlebot3_node/share/turtlebot3_node/cmake/turtlebot3_nodeConfig-version.cmake
[2.864s] -- Installing: /home/tural/ros2_ws/install/turtlebot3_node/share/turtlebot3_node/package.xml
[2.865s] Invoked command in '/home/tural/ros2_ws/build/turtlebot3_node' returned '0': CMAKE_PREFIX_PATH=/home/tural/ros2_ws/install/turtlebot3_msgs:/home/tural/ros2_ws/install/turtlebot3:/home/tural/ros2_ws/install/turtlebot3_simulations:/home/tural/ros2_ws/install/turtlebot3_bringup:/home/tural/ros2_ws/install/turtlebot3_node:/home/tural/ros2_ws/install/turtlebot3_navigation2:/home/tural/ros2_ws/install/turtlebot3_fake_node:/home/tural/ros2_ws/install/turtlebot3_gazebo:/home/tural/ros2_ws/install/turtlebot3_description:/home/tural/ros2_ws/install/turtlebot3_cartographer:/opt/ros/jazzy/opt/gz_sim_vendor:/opt/ros/jazzy/opt/gz_sensors_vendor:/opt/ros/jazzy/opt/gz_physics_vendor:/opt/ros/jazzy/opt/sdformat_vendor:/opt/ros/jazzy/opt/gz_gui_vendor:/opt/ros/jazzy/opt/gz_transport_vendor:/opt/ros/jazzy/opt/gz_rendering_vendor:/opt/ros/jazzy/opt/gz_plugin_vendor:/opt/ros/jazzy/opt/gz_fuel_tools_vendor:/opt/ros/jazzy/opt/gz_msgs_vendor:/opt/ros/jazzy/opt/gz_common_vendor:/opt/ros/jazzy/opt/gz_math_vendor:/opt/ros/jazzy/opt/gz_utils_vendor:/opt/ros/jazzy/opt/gz_tools_vendor:/opt/ros/jazzy/opt/gz_ogre_next_vendor:/opt/ros/jazzy/opt/gz_dartsim_vendor:/opt/ros/jazzy/opt/gz_cmake_vendor:/home/tural/ros2_ws/install/turtlebot3_teleop:/home/tural/ros2_ws/install/turtlebot3_example:/opt/ros/jazzy DEBUGINFOD_URLS=https://debuginfod.ubuntu.com PYTHONPATH=/home/tural/ros2_ws/install/turtlebot3_msgs/lib/python3.12/site-packages:/home/tural/ros2_ws/build/turtlebot3_teleop:/home/tural/ros2_ws/install/turtlebot3_teleop/lib/python3.12/site-packages:/home/tural/ros2_ws/build/turtlebot3_example:/home/tural/ros2_ws/install/turtlebot3_example/lib/python3.12/site-packages:/opt/ros/jazzy/lib/python3.12/site-packages /usr/bin/cmake --install /home/tural/ros2_ws/build/turtlebot3_node
