[0.000000] (-) TimerEvent: {}
[0.000054] (-) JobUnselected: {'identifier': 'turtlebot3'}
[0.000093] (-) JobUnselected: {'identifier': 'turtlebot3_bringup'}
[0.000131] (-) JobUnselected: {'identifier': 'turtlebot3_cartographer'}
[0.000148] (-) JobUnselected: {'identifier': 'turtlebot3_description'}
[0.000162] (-) JobUnselected: {'identifier': 'turtlebot3_example'}
[0.000176] (-) JobUnselected: {'identifier': 'turtlebot3_fake_node'}
[0.000188] (-) JobUnselected: {'identifier': 'turtlebot3_gazebo'}
[0.000201] (-) JobUnselected: {'identifier': 'turtlebot3_msgs'}
[0.000215] (-) JobUnselected: {'identifier': 'turtlebot3_navigation2'}
[0.000227] (-) JobUnselected: {'identifier': 'turtlebot3_node'}
[0.000240] (-) JobUnselected: {'identifier': 'turtlebot3_simulations'}
[0.000252] (-) JobUnselected: {'identifier': 'turtlebot3_teleop'}
[0.000267] (rover_control) JobQueued: {'identifier': 'rover_control', 'dependencies': OrderedDict()}
[0.000283] (rover_control) JobStarted: {'identifier': 'rover_control'}
[0.009574] (rover_control) JobProgress: {'identifier': 'rover_control', 'progress': 'cmake'}
[0.010141] (rover_control) JobProgress: {'identifier': 'rover_control', 'progress': 'build'}
[0.010763] (rover_control) Command: {'cmd': ['/usr/bin/cmake', '--build', '/home/tural/ros2_ws/build/rover_control', '--', '-j16', '-l16'], 'cwd': '/home/tural/ros2_ws/build/rover_control', 'env': OrderedDict({'GJS_DEBUG_TOPICS': 'JS ERROR;JS LOG', 'LESSOPEN': '| /usr/bin/lesspipe %s', 'VSCODE_CWD': '/home/tural', 'VSCODE_ESM_ENTRYPOINT': 'vs/workbench/api/node/extensionHostProcess', 'GZ_SIM_RESOURCE_PATH': '/opt/ros/jazzy/share', 'LC_TIME': 'en_US.UTF-8', 'SNAP_COMMON': '/var/snap/code/common', 'USER': 'tural', 'VSCODE_NLS_CONFIG': '{"userLocale":"en-us","osLocale":"en-us","resolvedLanguage":"en","defaultMessagesFile":"/snap/code/212/usr/share/code/resources/app/out/nls.messages.json","locale":"en-us","availableLanguages":{}}', 'FONTCONFIG_PATH': '/etc/fonts', 'GIO_MODULE_DIR': '/home/tural/snap/code/common/.cache/gio-modules', 'GZ_CONFIG_PATH': '/opt/ros/jazzy/opt/gz_sim_vendor/share/gz:/opt/ros/jazzy/opt/sdformat_vendor/share/gz:/opt/ros/jazzy/opt/gz_gui_vendor/share/gz:/opt/ros/jazzy/opt/gz_transport_vendor/share/gz:/opt/ros/jazzy/opt/gz_rendering_vendor/share/gz:/opt/ros/jazzy/opt/gz_plugin_vendor/share/gz:/opt/ros/jazzy/opt/gz_fuel_tools_vendor/share/gz:/opt/ros/jazzy/opt/gz_msgs_vendor/share/gz:/opt/ros/jazzy/opt/gz_common_vendor/share/gz', 'VSCODE_HANDLES_UNCAUGHT_ERRORS': 'true', 'STM32CubeMX_PATH': '/home/tural/STM32CubeMXsource', 'XDG_SESSION_TYPE': 'x11', 'DOTNET_CLI_TELEMETRY_OPTOUT': '1', 'CLUTTER_DISABLE_MIPMAPPED_TEXT': '1', 'LD_LIBRARY_PATH': '/home/tural/ros2_ws/install/turtlebot3_msgs/lib:/opt/ros/jazzy/opt/gz_sim_vendor/lib:/opt/ros/jazzy/opt/gz_sensors_vendor/lib:/opt/ros/jazzy/opt/gz_physics_vendor/lib:/opt/ros/jazzy/opt/sdformat_vendor/lib:/opt/ros/jazzy/opt/rviz_ogre_vendor/lib:/opt/ros/jazzy/lib/x86_64-linux-gnu:/opt/ros/jazzy/opt/gz_gui_vendor/lib:/opt/ros/jazzy/opt/gz_transport_vendor/lib:/opt/ros/jazzy/opt/gz_rendering_vendor/lib:/opt/ros/jazzy/opt/gz_plugin_vendor/lib:/opt/ros/jazzy/opt/gz_fuel_tools_vendor/lib:/opt/ros/jazzy/opt/gz_msgs_vendor/lib:/opt/ros/jazzy/opt/gz_common_vendor/lib:/opt/ros/jazzy/opt/gz_math_vendor/lib:/opt/ros/jazzy/opt/gz_utils_vendor/lib:/opt/ros/jazzy/opt/gz_tools_vendor/lib:/opt/ros/jazzy/opt/gz_ogre_next_vendor/lib:/opt/ros/jazzy/opt/gz_dartsim_vendor/lib:/opt/ros/jazzy/opt/gz_cmake_vendor/lib:/opt/ros/jazzy/lib', 'SHLVL': '0', 'SNAP_UID': '1000', 'CHROME_DESKTOP': 'code.desktop', 'HOME': '/home/tural', 'SNAP_LIBRARY_PATH': '/var/lib/snapd/lib/gl:/var/lib/snapd/lib/gl32:/var/lib/snapd/void', 'OLDPWD': '/home/tural/ros2_ws', 'DESKTOP_SESSION': 'ubuntu', 'GTK_PATH': '/snap/code/212/usr/lib/x86_64-linux-gnu/gtk-3.0', 'SNAP_USER_DATA': '/home/tural/snap/code/212', 'GIO_LAUNCHED_DESKTOP_FILE': '/var/lib/snapd/desktop/applications/code_code.desktop', 'GTK_IM_MODULE_FILE': '/home/tural/snap/code/common/.cache/immodules/immodules.cache', 'VSCODE_IPC_HOOK': '/run/user/1000/vscode-3444b570-1.10-main.sock', 'GNOME_SHELL_SESSION_MODE': 'ubuntu', 'GTK_MODULES': 'gail:atk-bridge', 'ROS_PYTHON_VERSION': '3', 'APPLICATION_INSIGHTS_NO_DIAGNOSTIC_CHANNEL': '1', 'LC_MONETARY': 'en_US.UTF-8', 'MANAGERPID': '2678', 'DBUS_SESSION_BUS_ADDRESS': 'unix:path=/run/user/1000/bus', 'GSM_SKIP_SSH_AGENT_WORKAROUND': 'true', 'SYSTEMD_EXEC_PID': '3216', 'GIO_LAUNCHED_DESKTOP_FILE_PID': '4008', 'SNAP_REVISION': '212', 'DOTNET_ROLL_FORWARD': 'Major', 'DEBUGINFOD_URLS': 'https://debuginfod.ubuntu.com', 'VSCODE_CRASH_REPORTER_PROCESS_TYPE': 'extensionHost', 'COLCON_PREFIX_PATH': '/home/tural/ros2_ws/install', 'ROS_DISTRO': 'jazzy', 'APPLICATION_INSIGHTS_NO_STATSBEAT': 'true', 'VSCODE_L10N_BUNDLE_LOCATION': '', 'LOGNAME': 'tural', 'JOURNAL_STREAM': '9:27752', 'SNAP_CONTEXT': 'Y2drzZEKjXDXqllvOCCB-gpQstrciy8mrszp9GlaU_ZQyym41Rgu', '_': '/snap/code/212/usr/share/code/code', 'EIDE_PY3_CMD': '/usr/bin/python3', 'MEMORY_PRESSURE_WATCH': '/sys/fs/cgroup/user.slice/user-1000.slice/user@1000.service/session.slice/org.gnome.Shell@x11.service/memory.pressure', 'ROS_VERSION': '2', 'SNAP_VERSION': 'ac4cbdf4', 'XDG_CONFIG_DIRS_VSCODE_SNAP_ORIG': '/etc/xdg/xdg-ubuntu:/etc/xdg', 'XDG_DATA_DIRS_VSCODE_SNAP_ORIG': '/usr/share/ubuntu:/usr/share/gnome:/home/tural/.local/share/flatpak/exports/share:/var/lib/flatpak/exports/share:/usr/local/share/:/usr/share/:/var/lib/snapd/desktop', 'XDG_SESSION_CLASS': 'user', 'APPLICATIONINSIGHTS_CONFIGURATION_CONTENT': '{}', 'STM32_PRG_PATH': '/home/tural/STMicroelectronics/STM32Cube/STM32CubeProgrammer/binsource', 'USERNAME': 'tural', 'GNOME_DESKTOP_SESSION_ID': 'this-is-deprecated', 'SNAP_INSTANCE_NAME': 'code', 'WINDOWPATH': '2', 'EIDE_BINARIES_VER': '12.1.0', 'PATH': '/home/tural/.vscode/extensions/stmicroelectronics.stm32cube-ide-build-cmake-1.42.2/resources/cube-cmake/linux:/home/tural/.vscode/extensions/cl.eide-3.26.1/res/tools/linux/unify_builder:/home/tural/.eide/bin/builder/utils:/home/tural/.eide/bin/scripts:/home/tural/.vscode/extensions/cl.eide-3.26.1/res/tools/linux/7z:/home/tural/.vscode/extensions/cl.eide-3.26.1/res/tools/linux/utils:/opt/gcc-arm-none-eabi-10-2020-q4-major/bin:.:/home/tural/.vscode/extensions/stmicroelectronics.stm32cube-ide-core-1.0.3/resources/binaries/linux/x86_64:/usr/lib/ccache:/home/tural/ardupilot/Tools/autotest:/opt/gcc-arm-none-eabi-10-2020-q4-major/bin:/home/tural/.local/bin:/opt/ros/jazzy/opt/gz_msgs_vendor/bin:/opt/ros/jazzy/opt/gz_tools_vendor/bin:/opt/ros/jazzy/opt/gz_ogre_next_vendor/bin:/opt/ros/jazzy/bin:/usr/lib/ccache:/home/tural/ardupilot/Tools/autotest:/opt/gcc-arm-none-eabi-10-2020-q4-major/bin:/home/tural/.local/bin:/usr/local/sbin:/usr/local/bin:/usr/sbin:/usr/bin:/sbin:/bin:/usr/games:/usr/local/games:/snap/bin:/snap/bin', 'GTK_EXE_PREFIX': '/snap/code/212/usr', 'INVOCATION_ID': 'b9ab503e3a7d4fa58b36e32e3465ecd1', 'PAPERSIZE': 'letter', 'SESSION_MANAGER': 'local/tural-LOQ:@/tmp/.ICE-unix/3177,unix/tural-LOQ:/tmp/.ICE-unix/3177', 'GDK_BACKEND': 'x11', 'LC_ADDRESS': 'en_US.UTF-8', 'SNAP_DATA': '/var/snap/code/212', 'XDG_MENU_PREFIX': 'gnome-', 'XDG_RUNTIME_DIR': '/run/user/1000', 'DISPLAY': ':1', 'LOCPATH': '/snap/code/212/usr/lib/locale', 'LANG': 'en_US.UTF-8', 'LC_TELEPHONE': 'en_US.UTF-8', 'XDG_CURRENT_DESKTOP': 'Unity', 'XAUTHORITY': '/run/user/1000/gdm/Xauthority', 'XDG_DATA_HOME': '/home/tural/snap/code/212/.local/share', 'XDG_SESSION_DESKTOP': 'ubuntu', 'XMODIFIERS': '@im=ibus', 'AMENT_PREFIX_PATH': '/home/tural/ros2_ws/install/turtlebot3:/home/tural/ros2_ws/install/turtlebot3_teleop:/home/tural/ros2_ws/install/turtlebot3_simulations:/home/tural/ros2_ws/install/turtlebot3_bringup:/home/tural/ros2_ws/install/turtlebot3_node:/home/tural/ros2_ws/install/turtlebot3_navigation2:/home/tural/ros2_ws/install/turtlebot3_fake_node:/home/tural/ros2_ws/install/turtlebot3_example:/home/tural/ros2_ws/install/turtlebot3_msgs:/home/tural/ros2_ws/install/turtlebot3_gazebo:/home/tural/ros2_ws/install/turtlebot3_description:/home/tural/ros2_ws/install/turtlebot3_cartographer:/home/tural/ros2_ws/install/rover_control:/opt/ros/jazzy', 'GSETTINGS_SCHEMA_DIR': '/home/tural/snap/code/212/.local/share/glib-2.0/schemas', 'ORIGINAL_XDG_CURRENT_DESKTOP': 'ubuntu:GNOME', 'SNAP_ARCH': 'amd64', 'SNAP_COOKIE': 'Y2drzZEKjXDXqllvOCCB-gpQstrciy8mrszp9GlaU_ZQyym41Rgu', 'SNAP_USER_COMMON': '/home/tural/snap/code/common', 'SSH_AUTH_SOCK': '/run/user/1000/keyring/ssh', 'GDK_PIXBUF_MODULEDIR': '/snap/code/212/usr/lib/x86_64-linux-gnu/gdk-pixbuf-2.0/2.10.0/loaders', 'LC_NAME': 'en_US.UTF-8', 'SHELL': '/bin/bash', 'VSCODE_DOTNET_INSTALL_TOOL_ORIGINAL_HOME': '/home/tural', 'GDMSESSION': 'ubuntu', 'QT_ACCESSIBILITY': '1', 'ELECTRON_RUN_AS_NODE': '1', 'KILOCODE_POSTHOG_API_KEY': 'phc_GK2Pxl0HPj5ZPfwhLRjXrtdz8eD7e9MKnXiFrOqnB6z', 'FONTCONFIG_FILE': '/etc/fonts/fonts.conf', 'LESSCLOSE': '/usr/bin/lesspipe %s %s', 'SNAP_NAME': 'code', 'LC_MEASUREMENT': 'en_US.UTF-8', 'CUBE_BUNDLE_PATH': '/home/tural/snap/code/212/.local/share/stm32cube/bundles', 'GDK_PIXBUF_MODULE_FILE': '/home/tural/snap/code/common/.cache/gdk-pixbuf-loaders.cache', 'GJS_DEBUG_OUTPUT': 'stderr', 'GPG_AGENT_INFO': '/run/user/1000/gnupg/S.gpg-agent:0:1', 'LC_IDENTIFICATION': 'en_US.UTF-8', 'QT_IM_MODULE': 'ibus', 'ROS_AUTOMATIC_DISCOVERY_RANGE': 'SUBNET', 'SNAP_LAUNCHER_ARCH_TRIPLET': 'x86_64-linux-gnu', 'EIDE_TOOL_OPENOCD': '.', 'LC_ALL': 'en_US.UTF-8', 'PWD': '/home/tural/ros2_ws/build/rover_control', 'TURTLEBOT3_MODEL': 'waffle', 'VSCODE_CLI': '1', 'CMSIS_PACK_ROOT': '/home/tural/snap/code/212/.local/share/stm32cube/packs', 'SNAP_REAL_HOME': '/home/tural', 'VSCODE_CODE_CACHE_PATH': '/home/tural/.config/Code/CachedData/ac4cbdf48759c7d8c3eb91ffe6bb04316e263c57', 'XDG_CONFIG_DIRS': '/etc/xdg/xdg-ubuntu:/etc/xdg', 'XDG_DATA_DIRS': '/home/tural/snap/code/212/.local/share/flatpak/exports/share:/home/tural/snap/code/212/.local/share:/home/tural/snap/code/212:/snap/code/212/usr/share:/usr/share/ubuntu:/usr/share/gnome:/home/tural/.local/share/flatpak/exports/share:/var/lib/flatpak/exports/share:/usr/local/share/:/usr/share/:/var/lib/snapd/desktop', 'LC_NUMERIC': 'en_US.UTF-8', 'PYTHONPATH': '/home/tural/ros2_ws/install/turtlebot3_teleop/lib/python3.12/site-packages:/home/tural/ros2_ws/install/turtlebot3_example/lib/python3.12/site-packages:/home/tural/ros2_ws/install/turtlebot3_msgs/lib/python3.12/site-packages:/opt/ros/jazzy/lib/python3.12/site-packages', 'SNAP': '/snap/code/212', 'SNAP_EUID': '1000', 'LC_PAPER': 'en_US.UTF-8', 'EIDE_TOOL_GCC_ARM': '/opt/gcc-arm-none-eabi-10-2020-q4-major/bin', 'COLCON': '1', 'ELECTRON_NO_ATTACH_CONSOLE': '1', 'MEMORY_PRESSURE_WRITE': 'c29tZSAyMDAwMDAgMjAwMDAwMAA=', 'CMAKE_PREFIX_PATH': '/home/tural/ros2_ws/install/turtlebot3:/home/tural/ros2_ws/install/turtlebot3_simulations:/home/tural/ros2_ws/install/turtlebot3_bringup:/home/tural/ros2_ws/install/turtlebot3_node:/home/tural/ros2_ws/install/turtlebot3_navigation2:/home/tural/ros2_ws/install/turtlebot3_fake_node:/home/tural/ros2_ws/install/turtlebot3_msgs:/home/tural/ros2_ws/install/turtlebot3_gazebo:/home/tural/ros2_ws/install/turtlebot3_description:/home/tural/ros2_ws/install/turtlebot3_cartographer:/home/tural/ros2_ws/install/rover_control:/opt/ros/jazzy/opt/gz_sim_vendor:/opt/ros/jazzy/opt/gz_sensors_vendor:/opt/ros/jazzy/opt/gz_physics_vendor:/opt/ros/jazzy/opt/sdformat_vendor:/opt/ros/jazzy/opt/gz_gui_vendor:/opt/ros/jazzy/opt/gz_transport_vendor:/opt/ros/jazzy/opt/gz_rendering_vendor:/opt/ros/jazzy/opt/gz_plugin_vendor:/opt/ros/jazzy/opt/gz_fuel_tools_vendor:/opt/ros/jazzy/opt/gz_msgs_vendor:/opt/ros/jazzy/opt/gz_common_vendor:/opt/ros/jazzy/opt/gz_math_vendor:/opt/ros/jazzy/opt/gz_utils_vendor:/opt/ros/jazzy/opt/gz_tools_vendor:/opt/ros/jazzy/opt/gz_ogre_next_vendor:/opt/ros/jazzy/opt/gz_dartsim_vendor:/opt/ros/jazzy/opt/gz_cmake_vendor:/home/tural/ros2_ws/install/turtlebot3_teleop:/home/tural/ros2_ws/install/turtlebot3_example:/opt/ros/jazzy', 'VSCODE_PID': '4069'}), 'shell': False}
[0.099572] (-) TimerEvent: {}
[0.138042] (rover_control) StdoutLine: {'line': b'[ 50%] Built target goal_sender\n'}
[0.139222] (rover_control) StdoutLine: {'line': b'[ 75%] Building CXX object CMakeFiles/odom_printer.dir/src/odom_printer.cpp.o\n'}
[0.199668] (-) TimerEvent: {}
[0.299840] (-) TimerEvent: {}
[0.399992] (-) TimerEvent: {}
[0.500138] (-) TimerEvent: {}
[0.600302] (-) TimerEvent: {}
[0.700464] (-) TimerEvent: {}
[0.800644] (-) TimerEvent: {}
[0.900809] (-) TimerEvent: {}
[1.000997] (-) TimerEvent: {}
[1.101159] (-) TimerEvent: {}
[1.201359] (-) TimerEvent: {}
[1.301505] (-) TimerEvent: {}
[1.401648] (-) TimerEvent: {}
[1.501793] (-) TimerEvent: {}
[1.601972] (-) TimerEvent: {}
[1.702148] (-) TimerEvent: {}
[1.802327] (-) TimerEvent: {}
[1.902479] (-) TimerEvent: {}
[2.002631] (-) TimerEvent: {}
[2.102811] (-) TimerEvent: {}
[2.202986] (-) TimerEvent: {}
[2.303124] (-) TimerEvent: {}
[2.403277] (-) TimerEvent: {}
[2.503432] (-) TimerEvent: {}
[2.603572] (-) TimerEvent: {}
[2.703745] (-) TimerEvent: {}
[2.803921] (-) TimerEvent: {}
[2.904088] (-) TimerEvent: {}
[3.004340] (-) TimerEvent: {}
[3.104489] (-) TimerEvent: {}
[3.204626] (-) TimerEvent: {}
[3.304799] (-) TimerEvent: {}
[3.405004] (-) TimerEvent: {}
[3.505145] (-) TimerEvent: {}
[3.605322] (-) TimerEvent: {}
[3.705480] (-) TimerEvent: {}
[3.805649] (-) TimerEvent: {}
[3.905838] (-) TimerEvent: {}
[4.006055] (-) TimerEvent: {}
[4.106238] (-) TimerEvent: {}
[4.206407] (-) TimerEvent: {}
[4.306615] (-) TimerEvent: {}
[4.406791] (-) TimerEvent: {}
[4.506932] (-) TimerEvent: {}
[4.607079] (-) TimerEvent: {}
[4.707246] (-) TimerEvent: {}
[4.807443] (-) TimerEvent: {}
[4.907586] (-) TimerEvent: {}
[5.007757] (-) TimerEvent: {}
[5.107906] (-) TimerEvent: {}
[5.208065] (-) TimerEvent: {}
[5.308234] (-) TimerEvent: {}
[5.408410] (-) TimerEvent: {}
[5.508545] (-) TimerEvent: {}
[5.608692] (-) TimerEvent: {}
[5.708836] (-) TimerEvent: {}
[5.809006] (-) TimerEvent: {}
[5.909156] (-) TimerEvent: {}
[6.009382] (-) TimerEvent: {}
[6.109533] (-) TimerEvent: {}
[6.209696] (-) TimerEvent: {}
[6.309861] (-) TimerEvent: {}
[6.399344] (rover_control) StdoutLine: {'line': b'[100%] Linking CXX executable odom_printer\n'}
[6.409978] (-) TimerEvent: {}
[6.510201] (-) TimerEvent: {}
[6.610402] (-) TimerEvent: {}
[6.685870] (rover_control) StdoutLine: {'line': b'[100%] Built target odom_printer\n'}
[6.694506] (rover_control) CommandEnded: {'returncode': 0}
[6.695067] (rover_control) JobProgress: {'identifier': 'rover_control', 'progress': 'install'}
[6.702685] (rover_control) Command: {'cmd': ['/usr/bin/cmake', '--install', '/home/tural/ros2_ws/build/rover_control'], 'cwd': '/home/tural/ros2_ws/build/rover_control', 'env': OrderedDict({'GJS_DEBUG_TOPICS': 'JS ERROR;JS LOG', 'LESSOPEN': '| /usr/bin/lesspipe %s', 'VSCODE_CWD': '/home/tural', 'VSCODE_ESM_ENTRYPOINT': 'vs/workbench/api/node/extensionHostProcess', 'GZ_SIM_RESOURCE_PATH': '/opt/ros/jazzy/share', 'LC_TIME': 'en_US.UTF-8', 'SNAP_COMMON': '/var/snap/code/common', 'USER': 'tural', 'VSCODE_NLS_CONFIG': '{"userLocale":"en-us","osLocale":"en-us","resolvedLanguage":"en","defaultMessagesFile":"/snap/code/212/usr/share/code/resources/app/out/nls.messages.json","locale":"en-us","availableLanguages":{}}', 'FONTCONFIG_PATH': '/etc/fonts', 'GIO_MODULE_DIR': '/home/tural/snap/code/common/.cache/gio-modules', 'GZ_CONFIG_PATH': '/opt/ros/jazzy/opt/gz_sim_vendor/share/gz:/opt/ros/jazzy/opt/sdformat_vendor/share/gz:/opt/ros/jazzy/opt/gz_gui_vendor/share/gz:/opt/ros/jazzy/opt/gz_transport_vendor/share/gz:/opt/ros/jazzy/opt/gz_rendering_vendor/share/gz:/opt/ros/jazzy/opt/gz_plugin_vendor/share/gz:/opt/ros/jazzy/opt/gz_fuel_tools_vendor/share/gz:/opt/ros/jazzy/opt/gz_msgs_vendor/share/gz:/opt/ros/jazzy/opt/gz_common_vendor/share/gz', 'VSCODE_HANDLES_UNCAUGHT_ERRORS': 'true', 'STM32CubeMX_PATH': '/home/tural/STM32CubeMXsource', 'XDG_SESSION_TYPE': 'x11', 'DOTNET_CLI_TELEMETRY_OPTOUT': '1', 'CLUTTER_DISABLE_MIPMAPPED_TEXT': '1', 'LD_LIBRARY_PATH': '/home/tural/ros2_ws/install/turtlebot3_msgs/lib:/opt/ros/jazzy/opt/gz_sim_vendor/lib:/opt/ros/jazzy/opt/gz_sensors_vendor/lib:/opt/ros/jazzy/opt/gz_physics_vendor/lib:/opt/ros/jazzy/opt/sdformat_vendor/lib:/opt/ros/jazzy/opt/rviz_ogre_vendor/lib:/opt/ros/jazzy/lib/x86_64-linux-gnu:/opt/ros/jazzy/opt/gz_gui_vendor/lib:/opt/ros/jazzy/opt/gz_transport_vendor/lib:/opt/ros/jazzy/opt/gz_rendering_vendor/lib:/opt/ros/jazzy/opt/gz_plugin_vendor/lib:/opt/ros/jazzy/opt/gz_fuel_tools_vendor/lib:/opt/ros/jazzy/opt/gz_msgs_vendor/lib:/opt/ros/jazzy/opt/gz_common_vendor/lib:/opt/ros/jazzy/opt/gz_math_vendor/lib:/opt/ros/jazzy/opt/gz_utils_vendor/lib:/opt/ros/jazzy/opt/gz_tools_vendor/lib:/opt/ros/jazzy/opt/gz_ogre_next_vendor/lib:/opt/ros/jazzy/opt/gz_dartsim_vendor/lib:/opt/ros/jazzy/opt/gz_cmake_vendor/lib:/opt/ros/jazzy/lib', 'SHLVL': '0', 'SNAP_UID': '1000', 'CHROME_DESKTOP': 'code.desktop', 'HOME': '/home/tural', 'SNAP_LIBRARY_PATH': '/var/lib/snapd/lib/gl:/var/lib/snapd/lib/gl32:/var/lib/snapd/void', 'OLDPWD': '/home/tural/ros2_ws', 'DESKTOP_SESSION': 'ubuntu', 'GTK_PATH': '/snap/code/212/usr/lib/x86_64-linux-gnu/gtk-3.0', 'SNAP_USER_DATA': '/home/tural/snap/code/212', 'GIO_LAUNCHED_DESKTOP_FILE': '/var/lib/snapd/desktop/applications/code_code.desktop', 'GTK_IM_MODULE_FILE': '/home/tural/snap/code/common/.cache/immodules/immodules.cache', 'VSCODE_IPC_HOOK': '/run/user/1000/vscode-3444b570-1.10-main.sock', 'GNOME_SHELL_SESSION_MODE': 'ubuntu', 'GTK_MODULES': 'gail:atk-bridge', 'ROS_PYTHON_VERSION': '3', 'APPLICATION_INSIGHTS_NO_DIAGNOSTIC_CHANNEL': '1', 'LC_MONETARY': 'en_US.UTF-8', 'MANAGERPID': '2678', 'DBUS_SESSION_BUS_ADDRESS': 'unix:path=/run/user/1000/bus', 'GSM_SKIP_SSH_AGENT_WORKAROUND': 'true', 'SYSTEMD_EXEC_PID': '3216', 'GIO_LAUNCHED_DESKTOP_FILE_PID': '4008', 'SNAP_REVISION': '212', 'DOTNET_ROLL_FORWARD': 'Major', 'DEBUGINFOD_URLS': 'https://debuginfod.ubuntu.com', 'VSCODE_CRASH_REPORTER_PROCESS_TYPE': 'extensionHost', 'COLCON_PREFIX_PATH': '/home/tural/ros2_ws/install', 'ROS_DISTRO': 'jazzy', 'APPLICATION_INSIGHTS_NO_STATSBEAT': 'true', 'VSCODE_L10N_BUNDLE_LOCATION': '', 'LOGNAME': 'tural', 'JOURNAL_STREAM': '9:27752', 'SNAP_CONTEXT': 'Y2drzZEKjXDXqllvOCCB-gpQstrciy8mrszp9GlaU_ZQyym41Rgu', '_': '/snap/code/212/usr/share/code/code', 'EIDE_PY3_CMD': '/usr/bin/python3', 'MEMORY_PRESSURE_WATCH': '/sys/fs/cgroup/user.slice/user-1000.slice/user@1000.service/session.slice/org.gnome.Shell@x11.service/memory.pressure', 'ROS_VERSION': '2', 'SNAP_VERSION': 'ac4cbdf4', 'XDG_CONFIG_DIRS_VSCODE_SNAP_ORIG': '/etc/xdg/xdg-ubuntu:/etc/xdg', 'XDG_DATA_DIRS_VSCODE_SNAP_ORIG': '/usr/share/ubuntu:/usr/share/gnome:/home/tural/.local/share/flatpak/exports/share:/var/lib/flatpak/exports/share:/usr/local/share/:/usr/share/:/var/lib/snapd/desktop', 'XDG_SESSION_CLASS': 'user', 'APPLICATIONINSIGHTS_CONFIGURATION_CONTENT': '{}', 'STM32_PRG_PATH': '/home/tural/STMicroelectronics/STM32Cube/STM32CubeProgrammer/binsource', 'USERNAME': 'tural', 'GNOME_DESKTOP_SESSION_ID': 'this-is-deprecated', 'SNAP_INSTANCE_NAME': 'code', 'WINDOWPATH': '2', 'EIDE_BINARIES_VER': '12.1.0', 'PATH': '/home/tural/.vscode/extensions/stmicroelectronics.stm32cube-ide-build-cmake-1.42.2/resources/cube-cmake/linux:/home/tural/.vscode/extensions/cl.eide-3.26.1/res/tools/linux/unify_builder:/home/tural/.eide/bin/builder/utils:/home/tural/.eide/bin/scripts:/home/tural/.vscode/extensions/cl.eide-3.26.1/res/tools/linux/7z:/home/tural/.vscode/extensions/cl.eide-3.26.1/res/tools/linux/utils:/opt/gcc-arm-none-eabi-10-2020-q4-major/bin:.:/home/tural/.vscode/extensions/stmicroelectronics.stm32cube-ide-core-1.0.3/resources/binaries/linux/x86_64:/usr/lib/ccache:/home/tural/ardupilot/Tools/autotest:/opt/gcc-arm-none-eabi-10-2020-q4-major/bin:/home/tural/.local/bin:/opt/ros/jazzy/opt/gz_msgs_vendor/bin:/opt/ros/jazzy/opt/gz_tools_vendor/bin:/opt/ros/jazzy/opt/gz_ogre_next_vendor/bin:/opt/ros/jazzy/bin:/usr/lib/ccache:/home/tural/ardupilot/Tools/autotest:/opt/gcc-arm-none-eabi-10-2020-q4-major/bin:/home/tural/.local/bin:/usr/local/sbin:/usr/local/bin:/usr/sbin:/usr/bin:/sbin:/bin:/usr/games:/usr/local/games:/snap/bin:/snap/bin', 'GTK_EXE_PREFIX': '/snap/code/212/usr', 'INVOCATION_ID': 'b9ab503e3a7d4fa58b36e32e3465ecd1', 'PAPERSIZE': 'letter', 'SESSION_MANAGER': 'local/tural-LOQ:@/tmp/.ICE-unix/3177,unix/tural-LOQ:/tmp/.ICE-unix/3177', 'GDK_BACKEND': 'x11', 'LC_ADDRESS': 'en_US.UTF-8', 'SNAP_DATA': '/var/snap/code/212', 'XDG_MENU_PREFIX': 'gnome-', 'XDG_RUNTIME_DIR': '/run/user/1000', 'DISPLAY': ':1', 'LOCPATH': '/snap/code/212/usr/lib/locale', 'LANG': 'en_US.UTF-8', 'LC_TELEPHONE': 'en_US.UTF-8', 'XDG_CURRENT_DESKTOP': 'Unity', 'XAUTHORITY': '/run/user/1000/gdm/Xauthority', 'XDG_DATA_HOME': '/home/tural/snap/code/212/.local/share', 'XDG_SESSION_DESKTOP': 'ubuntu', 'XMODIFIERS': '@im=ibus', 'AMENT_PREFIX_PATH': '/home/tural/ros2_ws/install/turtlebot3:/home/tural/ros2_ws/install/turtlebot3_teleop:/home/tural/ros2_ws/install/turtlebot3_simulations:/home/tural/ros2_ws/install/turtlebot3_bringup:/home/tural/ros2_ws/install/turtlebot3_node:/home/tural/ros2_ws/install/turtlebot3_navigation2:/home/tural/ros2_ws/install/turtlebot3_fake_node:/home/tural/ros2_ws/install/turtlebot3_example:/home/tural/ros2_ws/install/turtlebot3_msgs:/home/tural/ros2_ws/install/turtlebot3_gazebo:/home/tural/ros2_ws/install/turtlebot3_description:/home/tural/ros2_ws/install/turtlebot3_cartographer:/home/tural/ros2_ws/install/rover_control:/opt/ros/jazzy', 'GSETTINGS_SCHEMA_DIR': '/home/tural/snap/code/212/.local/share/glib-2.0/schemas', 'ORIGINAL_XDG_CURRENT_DESKTOP': 'ubuntu:GNOME', 'SNAP_ARCH': 'amd64', 'SNAP_COOKIE': 'Y2drzZEKjXDXqllvOCCB-gpQstrciy8mrszp9GlaU_ZQyym41Rgu', 'SNAP_USER_COMMON': '/home/tural/snap/code/common', 'SSH_AUTH_SOCK': '/run/user/1000/keyring/ssh', 'GDK_PIXBUF_MODULEDIR': '/snap/code/212/usr/lib/x86_64-linux-gnu/gdk-pixbuf-2.0/2.10.0/loaders', 'LC_NAME': 'en_US.UTF-8', 'SHELL': '/bin/bash', 'VSCODE_DOTNET_INSTALL_TOOL_ORIGINAL_HOME': '/home/tural', 'GDMSESSION': 'ubuntu', 'QT_ACCESSIBILITY': '1', 'ELECTRON_RUN_AS_NODE': '1', 'KILOCODE_POSTHOG_API_KEY': 'phc_GK2Pxl0HPj5ZPfwhLRjXrtdz8eD7e9MKnXiFrOqnB6z', 'FONTCONFIG_FILE': '/etc/fonts/fonts.conf', 'LESSCLOSE': '/usr/bin/lesspipe %s %s', 'SNAP_NAME': 'code', 'LC_MEASUREMENT': 'en_US.UTF-8', 'CUBE_BUNDLE_PATH': '/home/tural/snap/code/212/.local/share/stm32cube/bundles', 'GDK_PIXBUF_MODULE_FILE': '/home/tural/snap/code/common/.cache/gdk-pixbuf-loaders.cache', 'GJS_DEBUG_OUTPUT': 'stderr', 'GPG_AGENT_INFO': '/run/user/1000/gnupg/S.gpg-agent:0:1', 'LC_IDENTIFICATION': 'en_US.UTF-8', 'QT_IM_MODULE': 'ibus', 'ROS_AUTOMATIC_DISCOVERY_RANGE': 'SUBNET', 'SNAP_LAUNCHER_ARCH_TRIPLET': 'x86_64-linux-gnu', 'EIDE_TOOL_OPENOCD': '.', 'LC_ALL': 'en_US.UTF-8', 'PWD': '/home/tural/ros2_ws/build/rover_control', 'TURTLEBOT3_MODEL': 'waffle', 'VSCODE_CLI': '1', 'CMSIS_PACK_ROOT': '/home/tural/snap/code/212/.local/share/stm32cube/packs', 'SNAP_REAL_HOME': '/home/tural', 'VSCODE_CODE_CACHE_PATH': '/home/tural/.config/Code/CachedData/ac4cbdf48759c7d8c3eb91ffe6bb04316e263c57', 'XDG_CONFIG_DIRS': '/etc/xdg/xdg-ubuntu:/etc/xdg', 'XDG_DATA_DIRS': '/home/tural/snap/code/212/.local/share/flatpak/exports/share:/home/tural/snap/code/212/.local/share:/home/tural/snap/code/212:/snap/code/212/usr/share:/usr/share/ubuntu:/usr/share/gnome:/home/tural/.local/share/flatpak/exports/share:/var/lib/flatpak/exports/share:/usr/local/share/:/usr/share/:/var/lib/snapd/desktop', 'LC_NUMERIC': 'en_US.UTF-8', 'PYTHONPATH': '/home/tural/ros2_ws/install/turtlebot3_teleop/lib/python3.12/site-packages:/home/tural/ros2_ws/install/turtlebot3_example/lib/python3.12/site-packages:/home/tural/ros2_ws/install/turtlebot3_msgs/lib/python3.12/site-packages:/opt/ros/jazzy/lib/python3.12/site-packages', 'SNAP': '/snap/code/212', 'SNAP_EUID': '1000', 'LC_PAPER': 'en_US.UTF-8', 'EIDE_TOOL_GCC_ARM': '/opt/gcc-arm-none-eabi-10-2020-q4-major/bin', 'COLCON': '1', 'ELECTRON_NO_ATTACH_CONSOLE': '1', 'MEMORY_PRESSURE_WRITE': 'c29tZSAyMDAwMDAgMjAwMDAwMAA=', 'CMAKE_PREFIX_PATH': '/home/tural/ros2_ws/install/turtlebot3:/home/tural/ros2_ws/install/turtlebot3_simulations:/home/tural/ros2_ws/install/turtlebot3_bringup:/home/tural/ros2_ws/install/turtlebot3_node:/home/tural/ros2_ws/install/turtlebot3_navigation2:/home/tural/ros2_ws/install/turtlebot3_fake_node:/home/tural/ros2_ws/install/turtlebot3_msgs:/home/tural/ros2_ws/install/turtlebot3_gazebo:/home/tural/ros2_ws/install/turtlebot3_description:/home/tural/ros2_ws/install/turtlebot3_cartographer:/home/tural/ros2_ws/install/rover_control:/opt/ros/jazzy/opt/gz_sim_vendor:/opt/ros/jazzy/opt/gz_sensors_vendor:/opt/ros/jazzy/opt/gz_physics_vendor:/opt/ros/jazzy/opt/sdformat_vendor:/opt/ros/jazzy/opt/gz_gui_vendor:/opt/ros/jazzy/opt/gz_transport_vendor:/opt/ros/jazzy/opt/gz_rendering_vendor:/opt/ros/jazzy/opt/gz_plugin_vendor:/opt/ros/jazzy/opt/gz_fuel_tools_vendor:/opt/ros/jazzy/opt/gz_msgs_vendor:/opt/ros/jazzy/opt/gz_common_vendor:/opt/ros/jazzy/opt/gz_math_vendor:/opt/ros/jazzy/opt/gz_utils_vendor:/opt/ros/jazzy/opt/gz_tools_vendor:/opt/ros/jazzy/opt/gz_ogre_next_vendor:/opt/ros/jazzy/opt/gz_dartsim_vendor:/opt/ros/jazzy/opt/gz_cmake_vendor:/home/tural/ros2_ws/install/turtlebot3_teleop:/home/tural/ros2_ws/install/turtlebot3_example:/opt/ros/jazzy', 'VSCODE_PID': '4069'}), 'shell': False}
[6.710478] (-) TimerEvent: {}
[6.710770] (rover_control) StdoutLine: {'line': b'-- Install configuration: ""\n'}
[6.711803] (rover_control) StdoutLine: {'line': b'-- Up-to-date: /home/tural/ros2_ws/install/rover_control/lib/rover_control/goal_sender\n'}
[6.712329] (rover_control) StdoutLine: {'line': b'-- Installing: /home/tural/ros2_ws/install/rover_control/lib/rover_control/odom_printer\n'}
[6.715929] (rover_control) StdoutLine: {'line': b'-- Set non-toolchain portion of runtime path of "/home/tural/ros2_ws/install/rover_control/lib/rover_control/odom_printer" to ""\n'}
[6.716105] (rover_control) StdoutLine: {'line': b'-- Up-to-date: /home/tural/ros2_ws/install/rover_control/share/ament_index/resource_index/package_run_dependencies/rover_control\n'}
[6.716175] (rover_control) StdoutLine: {'line': b'-- Up-to-date: /home/tural/ros2_ws/install/rover_control/share/ament_index/resource_index/parent_prefix_path/rover_control\n'}
[6.716208] (rover_control) StdoutLine: {'line': b'-- Up-to-date: /home/tural/ros2_ws/install/rover_control/share/rover_control/environment/ament_prefix_path.sh\n'}
[6.716240] (rover_control) StdoutLine: {'line': b'-- Up-to-date: /home/tural/ros2_ws/install/rover_control/share/rover_control/environment/ament_prefix_path.dsv\n'}
[6.716295] (rover_control) StdoutLine: {'line': b'-- Up-to-date: /home/tural/ros2_ws/install/rover_control/share/rover_control/environment/path.sh\n'}
[6.716326] (rover_control) StdoutLine: {'line': b'-- Up-to-date: /home/tural/ros2_ws/install/rover_control/share/rover_control/environment/path.dsv\n'}
[6.716398] (rover_control) StdoutLine: {'line': b'-- Up-to-date: /home/tural/ros2_ws/install/rover_control/share/rover_control/local_setup.bash\n'}
[6.716429] (rover_control) StdoutLine: {'line': b'-- Up-to-date: /home/tural/ros2_ws/install/rover_control/share/rover_control/local_setup.sh\n'}
[6.716457] (rover_control) StdoutLine: {'line': b'-- Up-to-date: /home/tural/ros2_ws/install/rover_control/share/rover_control/local_setup.zsh\n'}
[6.716486] (rover_control) StdoutLine: {'line': b'-- Up-to-date: /home/tural/ros2_ws/install/rover_control/share/rover_control/local_setup.dsv\n'}
[6.716516] (rover_control) StdoutLine: {'line': b'-- Up-to-date: /home/tural/ros2_ws/install/rover_control/share/rover_control/package.dsv\n'}
[6.716557] (rover_control) StdoutLine: {'line': b'-- Up-to-date: /home/tural/ros2_ws/install/rover_control/share/ament_index/resource_index/packages/rover_control\n'}
[6.716598] (rover_control) StdoutLine: {'line': b'-- Up-to-date: /home/tural/ros2_ws/install/rover_control/share/rover_control/cmake/rover_controlConfig.cmake\n'}
[6.716638] (rover_control) StdoutLine: {'line': b'-- Up-to-date: /home/tural/ros2_ws/install/rover_control/share/rover_control/cmake/rover_controlConfig-version.cmake\n'}
[6.716672] (rover_control) StdoutLine: {'line': b'-- Up-to-date: /home/tural/ros2_ws/install/rover_control/share/rover_control/package.xml\n'}
[6.717226] (rover_control) CommandEnded: {'returncode': 0}
[6.732691] (rover_control) JobEnded: {'identifier': 'rover_control', 'rc': 0}
[6.733026] (-) EventReactorShutdown: {}
