[0.956s] Invoking command in '/home/tural/ros2_ws/src/turtlebot3/turtlebot3_teleop': DEBUGINFOD_URLS=https://debuginfod.ubuntu.com PYTHONPATH=/home/tural/ros2_ws/build/turtlebot3_teleop/prefix_override:/usr/lib/python3/dist-packages/colcon_core/task/python/colcon_distutils_commands:/home/tural/ros2_ws/install/turtlebot3_teleop/lib/python3.12/site-packages:${PYTHONPATH} /usr/bin/python3 -W ignore:setup.py install is deprecated -W ignore:easy_install command is deprecated setup.py egg_info --egg-base ../../../build/turtlebot3_teleop build --build-base /home/tural/ros2_ws/build/turtlebot3_teleop/build install --record /home/tural/ros2_ws/build/turtlebot3_teleop/install.log --single-version-externally-managed install_data
[1.172s] running egg_info
[1.172s] creating ../../../build/turtlebot3_teleop/turtlebot3_teleop.egg-info
[1.186s] writing ../../../build/turtlebot3_teleop/turtlebot3_teleop.egg-info/PKG-INFO
[1.186s] writing dependency_links to ../../../build/turtlebot3_teleop/turtlebot3_teleop.egg-info/dependency_links.txt
[1.186s] writing entry points to ../../../build/turtlebot3_teleop/turtlebot3_teleop.egg-info/entry_points.txt
[1.186s] writing requirements to ../../../build/turtlebot3_teleop/turtlebot3_teleop.egg-info/requires.txt
[1.187s] writing top-level names to ../../../build/turtlebot3_teleop/turtlebot3_teleop.egg-info/top_level.txt
[1.187s] writing manifest file '../../../build/turtlebot3_teleop/turtlebot3_teleop.egg-info/SOURCES.txt'
[1.215s] reading manifest file '../../../build/turtlebot3_teleop/turtlebot3_teleop.egg-info/SOURCES.txt'
[1.215s] writing manifest file '../../../build/turtlebot3_teleop/turtlebot3_teleop.egg-info/SOURCES.txt'
[1.215s] running build
[1.215s] running build_py
[1.215s] creating /home/tural/ros2_ws/build/turtlebot3_teleop/build
[1.215s] creating /home/tural/ros2_ws/build/turtlebot3_teleop/build/lib
[1.215s] creating /home/tural/ros2_ws/build/turtlebot3_teleop/build/lib/turtlebot3_teleop
[1.215s] copying turtlebot3_teleop/__init__.py -> /home/tural/ros2_ws/build/turtlebot3_teleop/build/lib/turtlebot3_teleop
[1.216s] creating /home/tural/ros2_ws/build/turtlebot3_teleop/build/lib/turtlebot3_teleop/script
[1.216s] copying turtlebot3_teleop/script/teleop_keyboard.py -> /home/tural/ros2_ws/build/turtlebot3_teleop/build/lib/turtlebot3_teleop/script
[1.217s] copying turtlebot3_teleop/script/__init__.py -> /home/tural/ros2_ws/build/turtlebot3_teleop/build/lib/turtlebot3_teleop/script
[1.217s] running install
[1.221s] running install_lib
[1.235s] creating /home/tural/ros2_ws/install/turtlebot3_teleop/lib/python3.12/site-packages/turtlebot3_teleop
[1.235s] creating /home/tural/ros2_ws/install/turtlebot3_teleop/lib/python3.12/site-packages/turtlebot3_teleop/script
[1.235s] copying /home/tural/ros2_ws/build/turtlebot3_teleop/build/lib/turtlebot3_teleop/script/teleop_keyboard.py -> /home/tural/ros2_ws/install/turtlebot3_teleop/lib/python3.12/site-packages/turtlebot3_teleop/script
[1.235s] copying /home/tural/ros2_ws/build/turtlebot3_teleop/build/lib/turtlebot3_teleop/script/__init__.py -> /home/tural/ros2_ws/install/turtlebot3_teleop/lib/python3.12/site-packages/turtlebot3_teleop/script
[1.235s] copying /home/tural/ros2_ws/build/turtlebot3_teleop/build/lib/turtlebot3_teleop/__init__.py -> /home/tural/ros2_ws/install/turtlebot3_teleop/lib/python3.12/site-packages/turtlebot3_teleop
[1.236s] byte-compiling /home/tural/ros2_ws/install/turtlebot3_teleop/lib/python3.12/site-packages/turtlebot3_teleop/script/teleop_keyboard.py to teleop_keyboard.cpython-312.pyc
[1.238s] byte-compiling /home/tural/ros2_ws/install/turtlebot3_teleop/lib/python3.12/site-packages/turtlebot3_teleop/script/__init__.py to __init__.cpython-312.pyc
[1.238s] byte-compiling /home/tural/ros2_ws/install/turtlebot3_teleop/lib/python3.12/site-packages/turtlebot3_teleop/__init__.py to __init__.cpython-312.pyc
[1.238s] running install_data
[1.238s] creating /home/tural/ros2_ws/install/turtlebot3_teleop/share/ament_index
[1.238s] creating /home/tural/ros2_ws/install/turtlebot3_teleop/share/ament_index/resource_index
[1.238s] creating /home/tural/ros2_ws/install/turtlebot3_teleop/share/ament_index/resource_index/packages
[1.239s] copying resource/turtlebot3_teleop -> /home/tural/ros2_ws/install/turtlebot3_teleop/share/ament_index/resource_index/packages
[1.239s] copying package.xml -> /home/tural/ros2_ws/install/turtlebot3_teleop/share/turtlebot3_teleop
[1.239s] running install_egg_info
[1.253s] Copying ../../../build/turtlebot3_teleop/turtlebot3_teleop.egg-info to /home/tural/ros2_ws/install/turtlebot3_teleop/lib/python3.12/site-packages/turtlebot3_teleop-2.3.3-py3.12.egg-info
[1.253s] running install_scripts
[1.355s] Installing teleop_keyboard script to /home/tural/ros2_ws/install/turtlebot3_teleop/lib/turtlebot3_teleop
[1.355s] writing list of installed files to '/home/tural/ros2_ws/build/turtlebot3_teleop/install.log'
[1.383s] Invoked command in '/home/tural/ros2_ws/src/turtlebot3/turtlebot3_teleop' returned '0': DEBUGINFOD_URLS=https://debuginfod.ubuntu.com PYTHONPATH=/home/tural/ros2_ws/build/turtlebot3_teleop/prefix_override:/usr/lib/python3/dist-packages/colcon_core/task/python/colcon_distutils_commands:/home/tural/ros2_ws/install/turtlebot3_teleop/lib/python3.12/site-packages:${PYTHONPATH} /usr/bin/python3 -W ignore:setup.py install is deprecated -W ignore:easy_install command is deprecated setup.py egg_info --egg-base ../../../build/turtlebot3_teleop build --build-base /home/tural/ros2_ws/build/turtlebot3_teleop/build install --record /home/tural/ros2_ws/build/turtlebot3_teleop/install.log --single-version-externally-managed install_data
