[0.024s] Invoking command in '/home/tural/ros2_ws/build/turtlebot3_description': CMAKE_PREFIX_PATH=${CMAKE_PREFIX_PATH}:/home/tural/ros2_ws/install/turtlebot3_teleop:/home/tural/ros2_ws/install/turtlebot3_example:/opt/ros/jazzy DEBUGINFOD_URLS=https://debuginfod.ubuntu.com /usr/bin/cmake /home/tural/ros2_ws/src/turtlebot3/turtlebot3_description -DCMAKE_INSTALL_PREFIX=/home/tural/ros2_ws/install/turtlebot3_description
[0.199s] -- The C compiler identification is GNU 11.5.0
[0.267s] -- The CXX compiler identification is GNU 11.5.0
[0.303s] -- Detecting C compiler ABI info
[0.381s] -- Detecting C compiler ABI info - done
[0.392s] -- Check for working C compiler: /usr/lib/ccache/cc - skipped
[0.392s] -- Detecting C compile features
[0.393s] -- Detecting C compile features - done
[0.402s] -- Detecting CXX compiler ABI info
[0.476s] -- Detecting CXX compiler ABI info - done
[0.484s] -- Check for working CXX compiler: /usr/lib/ccache/c++ - skipped
[0.484s] -- Detecting CXX compile features
[0.484s] -- Detecting CXX compile features - done
[0.497s] -- Found ament_cmake: 2.5.4 (/opt/ros/jazzy/share/ament_cmake/cmake)
[0.633s] -- Found Python3: /usr/bin/python3 (found version "3.12.3") found components: Interpreter 
[0.748s] -- Found urdf: 2.10.0 (/opt/ros/jazzy/share/urdf/cmake)
[0.800s] -- Found TinyXML2 via Config file: /usr/lib/x86_64-linux-gnu/cmake/tinyxml2
[0.892s] -- Configuring done (0.8s)
[0.896s] -- Generating done (0.0s)
[0.898s] -- Build files have been written to: /home/tural/ros2_ws/build/turtlebot3_description
[0.906s] Invoked command in '/home/tural/ros2_ws/build/turtlebot3_description' returned '0': CMAKE_PREFIX_PATH=${CMAKE_PREFIX_PATH}:/home/tural/ros2_ws/install/turtlebot3_teleop:/home/tural/ros2_ws/install/turtlebot3_example:/opt/ros/jazzy DEBUGINFOD_URLS=https://debuginfod.ubuntu.com /usr/bin/cmake /home/tural/ros2_ws/src/turtlebot3/turtlebot3_description -DCMAKE_INSTALL_PREFIX=/home/tural/ros2_ws/install/turtlebot3_description
[0.907s] Invoking command in '/home/tural/ros2_ws/build/turtlebot3_description': CMAKE_PREFIX_PATH=${CMAKE_PREFIX_PATH}:/home/tural/ros2_ws/install/turtlebot3_teleop:/home/tural/ros2_ws/install/turtlebot3_example:/opt/ros/jazzy DEBUGINFOD_URLS=https://debuginfod.ubuntu.com /usr/bin/cmake --build /home/tural/ros2_ws/build/turtlebot3_description -- -j16 -l16
[0.939s] Invoked command in '/home/tural/ros2_ws/build/turtlebot3_description' returned '0': CMAKE_PREFIX_PATH=${CMAKE_PREFIX_PATH}:/home/tural/ros2_ws/install/turtlebot3_teleop:/home/tural/ros2_ws/install/turtlebot3_example:/opt/ros/jazzy DEBUGINFOD_URLS=https://debuginfod.ubuntu.com /usr/bin/cmake --build /home/tural/ros2_ws/build/turtlebot3_description -- -j16 -l16
[0.940s] Invoking command in '/home/tural/ros2_ws/build/turtlebot3_description': CMAKE_PREFIX_PATH=${CMAKE_PREFIX_PATH}:/home/tural/ros2_ws/install/turtlebot3_teleop:/home/tural/ros2_ws/install/turtlebot3_example:/opt/ros/jazzy DEBUGINFOD_URLS=https://debuginfod.ubuntu.com /usr/bin/cmake --install /home/tural/ros2_ws/build/turtlebot3_description
[0.946s] -- Install configuration: ""
[0.946s] -- Installing: /home/tural/ros2_ws/install/turtlebot3_description/share/turtlebot3_description/meshes
[0.946s] -- Installing: /home/tural/ros2_ws/install/turtlebot3_description/share/turtlebot3_description/meshes/sensors
[0.946s] -- Installing: /home/tural/ros2_ws/install/turtlebot3_description/share/turtlebot3_description/meshes/sensors/lds.stl
[0.948s] -- Installing: /home/tural/ros2_ws/install/turtlebot3_description/share/turtlebot3_description/meshes/sensors/astra.dae
[0.964s] -- Installing: /home/tural/ros2_ws/install/turtlebot3_description/share/turtlebot3_description/meshes/sensors/r200.dae
[0.964s] -- Installing: /home/tural/ros2_ws/install/turtlebot3_description/share/turtlebot3_description/meshes/sensors/astra.jpg
[0.964s] -- Installing: /home/tural/ros2_ws/install/turtlebot3_description/share/turtlebot3_description/meshes/sensors/r200.jpg
[0.965s] -- Installing: /home/tural/ros2_ws/install/turtlebot3_description/share/turtlebot3_description/meshes/bases
[0.965s] -- Installing: /home/tural/ros2_ws/install/turtlebot3_description/share/turtlebot3_description/meshes/bases/waffle_pi_base.stl
[0.978s] -- Installing: /home/tural/ros2_ws/install/turtlebot3_description/share/turtlebot3_description/meshes/bases/burger_base.stl
[0.988s] -- Installing: /home/tural/ros2_ws/install/turtlebot3_description/share/turtlebot3_description/meshes/bases/waffle_base.stl
[1.015s] -- Installing: /home/tural/ros2_ws/install/turtlebot3_description/share/turtlebot3_description/meshes/wheels
[1.015s] -- Installing: /home/tural/ros2_ws/install/turtlebot3_description/share/turtlebot3_description/meshes/wheels/right_tire.stl
[1.016s] -- Installing: /home/tural/ros2_ws/install/turtlebot3_description/share/turtlebot3_description/meshes/wheels/left_tire.stl
[1.016s] -- Installing: /home/tural/ros2_ws/install/turtlebot3_description/share/turtlebot3_description/rviz
[1.016s] -- Installing: /home/tural/ros2_ws/install/turtlebot3_description/share/turtlebot3_description/rviz/model.rviz
[1.016s] -- Installing: /home/tural/ros2_ws/install/turtlebot3_description/share/turtlebot3_description/urdf
[1.017s] -- Installing: /home/tural/ros2_ws/install/turtlebot3_description/share/turtlebot3_description/urdf/turtlebot3_burger.urdf
[1.017s] -- Installing: /home/tural/ros2_ws/install/turtlebot3_description/share/turtlebot3_description/urdf/turtlebot3_waffle.urdf
[1.017s] -- Installing: /home/tural/ros2_ws/install/turtlebot3_description/share/turtlebot3_description/urdf/common_properties.urdf
[1.017s] -- Installing: /home/tural/ros2_ws/install/turtlebot3_description/share/turtlebot3_description/urdf/turtlebot3_waffle_pi.urdf
[1.017s] -- Installing: /home/tural/ros2_ws/install/turtlebot3_description/share/ament_index/resource_index/package_run_dependencies/turtlebot3_description
[1.018s] -- Installing: /home/tural/ros2_ws/install/turtlebot3_description/share/ament_index/resource_index/parent_prefix_path/turtlebot3_description
[1.018s] -- Installing: /home/tural/ros2_ws/install/turtlebot3_description/share/turtlebot3_description/environment/ament_prefix_path.sh
[1.018s] -- Installing: /home/tural/ros2_ws/install/turtlebot3_description/share/turtlebot3_description/environment/ament_prefix_path.dsv
[1.018s] -- Installing: /home/tural/ros2_ws/install/turtlebot3_description/share/turtlebot3_description/environment/path.sh
[1.019s] -- Installing: /home/tural/ros2_ws/install/turtlebot3_description/share/turtlebot3_description/environment/path.dsv
[1.019s] -- Installing: /home/tural/ros2_ws/install/turtlebot3_description/share/turtlebot3_description/local_setup.bash
[1.019s] -- Installing: /home/tural/ros2_ws/install/turtlebot3_description/share/turtlebot3_description/local_setup.sh
[1.019s] -- Installing: /home/tural/ros2_ws/install/turtlebot3_description/share/turtlebot3_description/local_setup.zsh
[1.019s] -- Installing: /home/tural/ros2_ws/install/turtlebot3_description/share/turtlebot3_description/local_setup.dsv
[1.019s] -- Installing: /home/tural/ros2_ws/install/turtlebot3_description/share/turtlebot3_description/package.dsv
[1.019s] -- Installing: /home/tural/ros2_ws/install/turtlebot3_description/share/ament_index/resource_index/packages/turtlebot3_description
[1.019s] -- Installing: /home/tural/ros2_ws/install/turtlebot3_description/share/turtlebot3_description/cmake/turtlebot3_descriptionConfig.cmake
[1.019s] -- Installing: /home/tural/ros2_ws/install/turtlebot3_description/share/turtlebot3_description/cmake/turtlebot3_descriptionConfig-version.cmake
[1.019s] -- Installing: /home/tural/ros2_ws/install/turtlebot3_description/share/turtlebot3_description/package.xml
[1.020s] Invoked command in '/home/tural/ros2_ws/build/turtlebot3_description' returned '0': CMAKE_PREFIX_PATH=${CMAKE_PREFIX_PATH}:/home/tural/ros2_ws/install/turtlebot3_teleop:/home/tural/ros2_ws/install/turtlebot3_example:/opt/ros/jazzy DEBUGINFOD_URLS=https://debuginfod.ubuntu.com /usr/bin/cmake --install /home/tural/ros2_ws/build/turtlebot3_description
