[0.164s] Invoking command in '/home/tural/ros2_ws/build/turtlebot3_fake_node': CMAKE_PREFIX_PATH=/home/tural/ros2_ws/install/turtlebot3_msgs:/home/tural/ros2_ws/install/turtlebot3:/home/tural/ros2_ws/install/turtlebot3_simulations:/home/tural/ros2_ws/install/turtlebot3_bringup:/home/tural/ros2_ws/install/turtlebot3_node:/home/tural/ros2_ws/install/turtlebot3_navigation2:/home/tural/ros2_ws/install/turtlebot3_fake_node:/home/tural/ros2_ws/install/turtlebot3_gazebo:/home/tural/ros2_ws/install/turtlebot3_description:/home/tural/ros2_ws/install/turtlebot3_cartographer:/opt/ros/jazzy/opt/gz_sim_vendor:/opt/ros/jazzy/opt/gz_sensors_vendor:/opt/ros/jazzy/opt/gz_physics_vendor:/opt/ros/jazzy/opt/sdformat_vendor:/opt/ros/jazzy/opt/gz_gui_vendor:/opt/ros/jazzy/opt/gz_transport_vendor:/opt/ros/jazzy/opt/gz_rendering_vendor:/opt/ros/jazzy/opt/gz_plugin_vendor:/opt/ros/jazzy/opt/gz_fuel_tools_vendor:/opt/ros/jazzy/opt/gz_msgs_vendor:/opt/ros/jazzy/opt/gz_common_vendor:/opt/ros/jazzy/opt/gz_math_vendor:/opt/ros/jazzy/opt/gz_utils_vendor:/opt/ros/jazzy/opt/gz_tools_vendor:/opt/ros/jazzy/opt/gz_ogre_next_vendor:/opt/ros/jazzy/opt/gz_dartsim_vendor:/opt/ros/jazzy/opt/gz_cmake_vendor:/home/tural/ros2_ws/install/turtlebot3_teleop:/home/tural/ros2_ws/install/turtlebot3_example:/opt/ros/jazzy DEBUGINFOD_URLS=https://debuginfod.ubuntu.com PYTHONPATH=/home/tural/ros2_ws/install/turtlebot3_msgs/lib/python3.12/site-packages:/home/tural/ros2_ws/build/turtlebot3_teleop:/home/tural/ros2_ws/install/turtlebot3_teleop/lib/python3.12/site-packages:/home/tural/ros2_ws/build/turtlebot3_example:/home/tural/ros2_ws/install/turtlebot3_example/lib/python3.12/site-packages:/opt/ros/jazzy/lib/python3.12/site-packages /usr/bin/cmake /home/tural/ros2_ws/src/turtlebot3_simulations/turtlebot3_fake_node -DCMAKE_INSTALL_PREFIX=/home/tural/ros2_ws/install/turtlebot3_fake_node
[0.205s] -- The C compiler identification is GNU 11.5.0
[0.250s] -- The CXX compiler identification is GNU 11.5.0
[0.270s] -- Detecting C compiler ABI info
[0.341s] -- Detecting C compiler ABI info - done
[0.347s] -- Check for working C compiler: /usr/lib/ccache/cc - skipped
[0.347s] -- Detecting C compile features
[0.347s] -- Detecting C compile features - done
[0.359s] -- Detecting CXX compiler ABI info
[0.431s] -- Detecting CXX compiler ABI info - done
[0.437s] -- Check for working CXX compiler: /usr/lib/ccache/c++ - skipped
[0.437s] -- Detecting CXX compile features
[0.437s] -- Detecting CXX compile features - done
[0.440s] -- Found ament_cmake: 2.5.4 (/opt/ros/jazzy/share/ament_cmake/cmake)
[0.567s] -- Found Python3: /usr/bin/python3 (found version "3.12.3") found components: Interpreter 
[0.667s] -- Found geometry_msgs: 5.3.6 (/opt/ros/jazzy/share/geometry_msgs/cmake)
[0.717s] -- Found rosidl_generator_c: 4.6.6 (/opt/ros/jazzy/share/rosidl_generator_c/cmake)
[0.731s] -- Found rosidl_generator_cpp: 4.6.6 (/opt/ros/jazzy/share/rosidl_generator_cpp/cmake)
[0.745s] -- Using all available rosidl_typesupport_c: rosidl_typesupport_fastrtps_c;rosidl_typesupport_introspection_c
[0.763s] -- Using all available rosidl_typesupport_cpp: rosidl_typesupport_fastrtps_cpp;rosidl_typesupport_introspection_cpp
[0.802s] -- Found nav_msgs: 5.3.6 (/opt/ros/jazzy/share/nav_msgs/cmake)
[0.833s] -- Found rclcpp: 28.1.12 (/opt/ros/jazzy/share/rclcpp/cmake)
[0.877s] -- Found rmw_implementation_cmake: 7.3.2 (/opt/ros/jazzy/share/rmw_implementation_cmake/cmake)
[0.880s] -- Found rmw_fastrtps_cpp: 8.4.3 (/opt/ros/jazzy/share/rmw_fastrtps_cpp/cmake)
[0.963s] -- Found OpenSSL: /usr/lib/x86_64-linux-gnu/libcrypto.so (found version "3.0.13")  
[0.981s] -- Found FastRTPS: /opt/ros/jazzy/include (Required is at least version "2.13") 
[1.001s] -- Using RMW implementation 'rmw_fastrtps_cpp' as default
[1.065s] -- Found sensor_msgs: 5.3.6 (/opt/ros/jazzy/share/sensor_msgs/cmake)
[1.084s] -- Found tf2: 0.36.14 (/opt/ros/jazzy/share/tf2/cmake)
[1.089s] -- Found tf2_msgs: 0.36.14 (/opt/ros/jazzy/share/tf2_msgs/cmake)
[1.133s] -- Found turtlebot3_msgs: 2.4.0 (/home/tural/ros2_ws/install/turtlebot3_msgs/share/turtlebot3_msgs/cmake)
[1.222s] -- Configuring done (1.1s)
[1.231s] -- Generating done (0.0s)
[1.234s] -- Build files have been written to: /home/tural/ros2_ws/build/turtlebot3_fake_node
[1.243s] Invoked command in '/home/tural/ros2_ws/build/turtlebot3_fake_node' returned '0': CMAKE_PREFIX_PATH=/home/tural/ros2_ws/install/turtlebot3_msgs:/home/tural/ros2_ws/install/turtlebot3:/home/tural/ros2_ws/install/turtlebot3_simulations:/home/tural/ros2_ws/install/turtlebot3_bringup:/home/tural/ros2_ws/install/turtlebot3_node:/home/tural/ros2_ws/install/turtlebot3_navigation2:/home/tural/ros2_ws/install/turtlebot3_fake_node:/home/tural/ros2_ws/install/turtlebot3_gazebo:/home/tural/ros2_ws/install/turtlebot3_description:/home/tural/ros2_ws/install/turtlebot3_cartographer:/opt/ros/jazzy/opt/gz_sim_vendor:/opt/ros/jazzy/opt/gz_sensors_vendor:/opt/ros/jazzy/opt/gz_physics_vendor:/opt/ros/jazzy/opt/sdformat_vendor:/opt/ros/jazzy/opt/gz_gui_vendor:/opt/ros/jazzy/opt/gz_transport_vendor:/opt/ros/jazzy/opt/gz_rendering_vendor:/opt/ros/jazzy/opt/gz_plugin_vendor:/opt/ros/jazzy/opt/gz_fuel_tools_vendor:/opt/ros/jazzy/opt/gz_msgs_vendor:/opt/ros/jazzy/opt/gz_common_vendor:/opt/ros/jazzy/opt/gz_math_vendor:/opt/ros/jazzy/opt/gz_utils_vendor:/opt/ros/jazzy/opt/gz_tools_vendor:/opt/ros/jazzy/opt/gz_ogre_next_vendor:/opt/ros/jazzy/opt/gz_dartsim_vendor:/opt/ros/jazzy/opt/gz_cmake_vendor:/home/tural/ros2_ws/install/turtlebot3_teleop:/home/tural/ros2_ws/install/turtlebot3_example:/opt/ros/jazzy DEBUGINFOD_URLS=https://debuginfod.ubuntu.com PYTHONPATH=/home/tural/ros2_ws/install/turtlebot3_msgs/lib/python3.12/site-packages:/home/tural/ros2_ws/build/turtlebot3_teleop:/home/tural/ros2_ws/install/turtlebot3_teleop/lib/python3.12/site-packages:/home/tural/ros2_ws/build/turtlebot3_example:/home/tural/ros2_ws/install/turtlebot3_example/lib/python3.12/site-packages:/opt/ros/jazzy/lib/python3.12/site-packages /usr/bin/cmake /home/tural/ros2_ws/src/turtlebot3_simulations/turtlebot3_fake_node -DCMAKE_INSTALL_PREFIX=/home/tural/ros2_ws/install/turtlebot3_fake_node
[1.244s] Invoking command in '/home/tural/ros2_ws/build/turtlebot3_fake_node': CMAKE_PREFIX_PATH=/home/tural/ros2_ws/install/turtlebot3_msgs:/home/tural/ros2_ws/install/turtlebot3:/home/tural/ros2_ws/install/turtlebot3_simulations:/home/tural/ros2_ws/install/turtlebot3_bringup:/home/tural/ros2_ws/install/turtlebot3_node:/home/tural/ros2_ws/install/turtlebot3_navigation2:/home/tural/ros2_ws/install/turtlebot3_fake_node:/home/tural/ros2_ws/install/turtlebot3_gazebo:/home/tural/ros2_ws/install/turtlebot3_description:/home/tural/ros2_ws/install/turtlebot3_cartographer:/opt/ros/jazzy/opt/gz_sim_vendor:/opt/ros/jazzy/opt/gz_sensors_vendor:/opt/ros/jazzy/opt/gz_physics_vendor:/opt/ros/jazzy/opt/sdformat_vendor:/opt/ros/jazzy/opt/gz_gui_vendor:/opt/ros/jazzy/opt/gz_transport_vendor:/opt/ros/jazzy/opt/gz_rendering_vendor:/opt/ros/jazzy/opt/gz_plugin_vendor:/opt/ros/jazzy/opt/gz_fuel_tools_vendor:/opt/ros/jazzy/opt/gz_msgs_vendor:/opt/ros/jazzy/opt/gz_common_vendor:/opt/ros/jazzy/opt/gz_math_vendor:/opt/ros/jazzy/opt/gz_utils_vendor:/opt/ros/jazzy/opt/gz_tools_vendor:/opt/ros/jazzy/opt/gz_ogre_next_vendor:/opt/ros/jazzy/opt/gz_dartsim_vendor:/opt/ros/jazzy/opt/gz_cmake_vendor:/home/tural/ros2_ws/install/turtlebot3_teleop:/home/tural/ros2_ws/install/turtlebot3_example:/opt/ros/jazzy DEBUGINFOD_URLS=https://debuginfod.ubuntu.com PYTHONPATH=/home/tural/ros2_ws/install/turtlebot3_msgs/lib/python3.12/site-packages:/home/tural/ros2_ws/build/turtlebot3_teleop:/home/tural/ros2_ws/install/turtlebot3_teleop/lib/python3.12/site-packages:/home/tural/ros2_ws/build/turtlebot3_example:/home/tural/ros2_ws/install/turtlebot3_example/lib/python3.12/site-packages:/opt/ros/jazzy/lib/python3.12/site-packages /usr/bin/cmake --build /home/tural/ros2_ws/build/turtlebot3_fake_node -- -j16 -l16
[1.287s] [ 50%] Building CXX object CMakeFiles/turtlebot3_fake_node.dir/src/turtlebot3_fake_node.cpp.o
[1.313s] [100%] Linking CXX executable turtlebot3_fake_node
[1.694s] [100%] Built target turtlebot3_fake_node
[1.704s] Invoked command in '/home/tural/ros2_ws/build/turtlebot3_fake_node' returned '0': CMAKE_PREFIX_PATH=/home/tural/ros2_ws/install/turtlebot3_msgs:/home/tural/ros2_ws/install/turtlebot3:/home/tural/ros2_ws/install/turtlebot3_simulations:/home/tural/ros2_ws/install/turtlebot3_bringup:/home/tural/ros2_ws/install/turtlebot3_node:/home/tural/ros2_ws/install/turtlebot3_navigation2:/home/tural/ros2_ws/install/turtlebot3_fake_node:/home/tural/ros2_ws/install/turtlebot3_gazebo:/home/tural/ros2_ws/install/turtlebot3_description:/home/tural/ros2_ws/install/turtlebot3_cartographer:/opt/ros/jazzy/opt/gz_sim_vendor:/opt/ros/jazzy/opt/gz_sensors_vendor:/opt/ros/jazzy/opt/gz_physics_vendor:/opt/ros/jazzy/opt/sdformat_vendor:/opt/ros/jazzy/opt/gz_gui_vendor:/opt/ros/jazzy/opt/gz_transport_vendor:/opt/ros/jazzy/opt/gz_rendering_vendor:/opt/ros/jazzy/opt/gz_plugin_vendor:/opt/ros/jazzy/opt/gz_fuel_tools_vendor:/opt/ros/jazzy/opt/gz_msgs_vendor:/opt/ros/jazzy/opt/gz_common_vendor:/opt/ros/jazzy/opt/gz_math_vendor:/opt/ros/jazzy/opt/gz_utils_vendor:/opt/ros/jazzy/opt/gz_tools_vendor:/opt/ros/jazzy/opt/gz_ogre_next_vendor:/opt/ros/jazzy/opt/gz_dartsim_vendor:/opt/ros/jazzy/opt/gz_cmake_vendor:/home/tural/ros2_ws/install/turtlebot3_teleop:/home/tural/ros2_ws/install/turtlebot3_example:/opt/ros/jazzy DEBUGINFOD_URLS=https://debuginfod.ubuntu.com PYTHONPATH=/home/tural/ros2_ws/install/turtlebot3_msgs/lib/python3.12/site-packages:/home/tural/ros2_ws/build/turtlebot3_teleop:/home/tural/ros2_ws/install/turtlebot3_teleop/lib/python3.12/site-packages:/home/tural/ros2_ws/build/turtlebot3_example:/home/tural/ros2_ws/install/turtlebot3_example/lib/python3.12/site-packages:/opt/ros/jazzy/lib/python3.12/site-packages /usr/bin/cmake --build /home/tural/ros2_ws/build/turtlebot3_fake_node -- -j16 -l16
[1.705s] Invoking command in '/home/tural/ros2_ws/build/turtlebot3_fake_node': CMAKE_PREFIX_PATH=/home/tural/ros2_ws/install/turtlebot3_msgs:/home/tural/ros2_ws/install/turtlebot3:/home/tural/ros2_ws/install/turtlebot3_simulations:/home/tural/ros2_ws/install/turtlebot3_bringup:/home/tural/ros2_ws/install/turtlebot3_node:/home/tural/ros2_ws/install/turtlebot3_navigation2:/home/tural/ros2_ws/install/turtlebot3_fake_node:/home/tural/ros2_ws/install/turtlebot3_gazebo:/home/tural/ros2_ws/install/turtlebot3_description:/home/tural/ros2_ws/install/turtlebot3_cartographer:/opt/ros/jazzy/opt/gz_sim_vendor:/opt/ros/jazzy/opt/gz_sensors_vendor:/opt/ros/jazzy/opt/gz_physics_vendor:/opt/ros/jazzy/opt/sdformat_vendor:/opt/ros/jazzy/opt/gz_gui_vendor:/opt/ros/jazzy/opt/gz_transport_vendor:/opt/ros/jazzy/opt/gz_rendering_vendor:/opt/ros/jazzy/opt/gz_plugin_vendor:/opt/ros/jazzy/opt/gz_fuel_tools_vendor:/opt/ros/jazzy/opt/gz_msgs_vendor:/opt/ros/jazzy/opt/gz_common_vendor:/opt/ros/jazzy/opt/gz_math_vendor:/opt/ros/jazzy/opt/gz_utils_vendor:/opt/ros/jazzy/opt/gz_tools_vendor:/opt/ros/jazzy/opt/gz_ogre_next_vendor:/opt/ros/jazzy/opt/gz_dartsim_vendor:/opt/ros/jazzy/opt/gz_cmake_vendor:/home/tural/ros2_ws/install/turtlebot3_teleop:/home/tural/ros2_ws/install/turtlebot3_example:/opt/ros/jazzy DEBUGINFOD_URLS=https://debuginfod.ubuntu.com PYTHONPATH=/home/tural/ros2_ws/install/turtlebot3_msgs/lib/python3.12/site-packages:/home/tural/ros2_ws/build/turtlebot3_teleop:/home/tural/ros2_ws/install/turtlebot3_teleop/lib/python3.12/site-packages:/home/tural/ros2_ws/build/turtlebot3_example:/home/tural/ros2_ws/install/turtlebot3_example/lib/python3.12/site-packages:/opt/ros/jazzy/lib/python3.12/site-packages /usr/bin/cmake --install /home/tural/ros2_ws/build/turtlebot3_fake_node
[1.713s] -- Install configuration: ""
[1.713s] -- Installing: /home/tural/ros2_ws/install/turtlebot3_fake_node/lib/turtlebot3_fake_node/turtlebot3_fake_node
[1.717s] -- Set non-toolchain portion of runtime path of "/home/tural/ros2_ws/install/turtlebot3_fake_node/lib/turtlebot3_fake_node/turtlebot3_fake_node" to ""
[1.717s] -- Installing: /home/tural/ros2_ws/install/turtlebot3_fake_node/share/turtlebot3_fake_node/launch
[1.717s] -- Installing: /home/tural/ros2_ws/install/turtlebot3_fake_node/share/turtlebot3_fake_node/launch/turtlebot3_fake_node.launch.py
[1.717s] -- Installing: /home/tural/ros2_ws/install/turtlebot3_fake_node/share/turtlebot3_fake_node/launch/rviz2.launch.py
[1.717s] -- Installing: /home/tural/ros2_ws/install/turtlebot3_fake_node/share/turtlebot3_fake_node/param
[1.718s] -- Installing: /home/tural/ros2_ws/install/turtlebot3_fake_node/share/turtlebot3_fake_node/param/burger.yaml
[1.718s] -- Installing: /home/tural/ros2_ws/install/turtlebot3_fake_node/share/turtlebot3_fake_node/param/waffle_pi.yaml
[1.718s] -- Installing: /home/tural/ros2_ws/install/turtlebot3_fake_node/share/turtlebot3_fake_node/param/waffle.yaml
[1.718s] -- Installing: /home/tural/ros2_ws/install/turtlebot3_fake_node/include/
[1.718s] -- Installing: /home/tural/ros2_ws/install/turtlebot3_fake_node/include//turtlebot3_fake_node
[1.718s] -- Installing: /home/tural/ros2_ws/install/turtlebot3_fake_node/include//turtlebot3_fake_node/turtlebot3_fake_node.hpp
[1.719s] -- Installing: /home/tural/ros2_ws/install/turtlebot3_fake_node/share/ament_index/resource_index/package_run_dependencies/turtlebot3_fake_node
[1.719s] -- Installing: /home/tural/ros2_ws/install/turtlebot3_fake_node/share/ament_index/resource_index/parent_prefix_path/turtlebot3_fake_node
[1.719s] -- Installing: /home/tural/ros2_ws/install/turtlebot3_fake_node/share/turtlebot3_fake_node/environment/ament_prefix_path.sh
[1.719s] -- Installing: /home/tural/ros2_ws/install/turtlebot3_fake_node/share/turtlebot3_fake_node/environment/ament_prefix_path.dsv
[1.719s] -- Installing: /home/tural/ros2_ws/install/turtlebot3_fake_node/share/turtlebot3_fake_node/environment/path.sh
[1.719s] -- Installing: /home/tural/ros2_ws/install/turtlebot3_fake_node/share/turtlebot3_fake_node/environment/path.dsv
[1.719s] -- Installing: /home/tural/ros2_ws/install/turtlebot3_fake_node/share/turtlebot3_fake_node/local_setup.bash
[1.719s] -- Installing: /home/tural/ros2_ws/install/turtlebot3_fake_node/share/turtlebot3_fake_node/local_setup.sh
[1.719s] -- Installing: /home/tural/ros2_ws/install/turtlebot3_fake_node/share/turtlebot3_fake_node/local_setup.zsh
[1.719s] -- Installing: /home/tural/ros2_ws/install/turtlebot3_fake_node/share/turtlebot3_fake_node/local_setup.dsv
[1.719s] -- Installing: /home/tural/ros2_ws/install/turtlebot3_fake_node/share/turtlebot3_fake_node/package.dsv
[1.719s] -- Installing: /home/tural/ros2_ws/install/turtlebot3_fake_node/share/ament_index/resource_index/packages/turtlebot3_fake_node
[1.719s] -- Installing: /home/tural/ros2_ws/install/turtlebot3_fake_node/share/turtlebot3_fake_node/cmake/ament_cmake_export_include_directories-extras.cmake
[1.719s] -- Installing: /home/tural/ros2_ws/install/turtlebot3_fake_node/share/turtlebot3_fake_node/cmake/ament_cmake_export_dependencies-extras.cmake
[1.719s] -- Installing: /home/tural/ros2_ws/install/turtlebot3_fake_node/share/turtlebot3_fake_node/cmake/turtlebot3_fake_nodeConfig.cmake
[1.719s] -- Installing: /home/tural/ros2_ws/install/turtlebot3_fake_node/share/turtlebot3_fake_node/cmake/turtlebot3_fake_nodeConfig-version.cmake
[1.719s] -- Installing: /home/tural/ros2_ws/install/turtlebot3_fake_node/share/turtlebot3_fake_node/package.xml
[1.721s] Invoked command in '/home/tural/ros2_ws/build/turtlebot3_fake_node' returned '0': CMAKE_PREFIX_PATH=/home/tural/ros2_ws/install/turtlebot3_msgs:/home/tural/ros2_ws/install/turtlebot3:/home/tural/ros2_ws/install/turtlebot3_simulations:/home/tural/ros2_ws/install/turtlebot3_bringup:/home/tural/ros2_ws/install/turtlebot3_node:/home/tural/ros2_ws/install/turtlebot3_navigation2:/home/tural/ros2_ws/install/turtlebot3_fake_node:/home/tural/ros2_ws/install/turtlebot3_gazebo:/home/tural/ros2_ws/install/turtlebot3_description:/home/tural/ros2_ws/install/turtlebot3_cartographer:/opt/ros/jazzy/opt/gz_sim_vendor:/opt/ros/jazzy/opt/gz_sensors_vendor:/opt/ros/jazzy/opt/gz_physics_vendor:/opt/ros/jazzy/opt/sdformat_vendor:/opt/ros/jazzy/opt/gz_gui_vendor:/opt/ros/jazzy/opt/gz_transport_vendor:/opt/ros/jazzy/opt/gz_rendering_vendor:/opt/ros/jazzy/opt/gz_plugin_vendor:/opt/ros/jazzy/opt/gz_fuel_tools_vendor:/opt/ros/jazzy/opt/gz_msgs_vendor:/opt/ros/jazzy/opt/gz_common_vendor:/opt/ros/jazzy/opt/gz_math_vendor:/opt/ros/jazzy/opt/gz_utils_vendor:/opt/ros/jazzy/opt/gz_tools_vendor:/opt/ros/jazzy/opt/gz_ogre_next_vendor:/opt/ros/jazzy/opt/gz_dartsim_vendor:/opt/ros/jazzy/opt/gz_cmake_vendor:/home/tural/ros2_ws/install/turtlebot3_teleop:/home/tural/ros2_ws/install/turtlebot3_example:/opt/ros/jazzy DEBUGINFOD_URLS=https://debuginfod.ubuntu.com PYTHONPATH=/home/tural/ros2_ws/install/turtlebot3_msgs/lib/python3.12/site-packages:/home/tural/ros2_ws/build/turtlebot3_teleop:/home/tural/ros2_ws/install/turtlebot3_teleop/lib/python3.12/site-packages:/home/tural/ros2_ws/build/turtlebot3_example:/home/tural/ros2_ws/install/turtlebot3_example/lib/python3.12/site-packages:/opt/ros/jazzy/lib/python3.12/site-packages /usr/bin/cmake --install /home/tural/ros2_ws/build/turtlebot3_fake_node
