-- The C compiler identification is GNU 11.5.0
-- The CXX compiler identification is GNU 11.5.0
-- Detecting C compiler ABI info
-- Detecting C compiler ABI info - done
-- Check for working C compiler: /usr/lib/ccache/cc - skipped
-- Detecting C compile features
-- Detecting C compile features - done
-- Detecting CXX compiler ABI info
-- Detecting CXX compiler ABI info - done
-- Check for working CXX compiler: /usr/lib/ccache/c++ - skipped
-- Detecting CXX compile features
-- Detecting CXX compile features - done
-- Found ament_cmake: 2.5.4 (/opt/ros/jazzy/share/ament_cmake/cmake)
-- Found Python3: /usr/bin/python3 (found version "3.12.3") found components: Interpreter 
-- Found rclcpp: 28.1.12 (/opt/ros/jazzy/share/rclcpp/cmake)
-- Found rosidl_generator_c: 4.6.6 (/opt/ros/jazzy/share/rosidl_generator_c/cmake)
-- Found rosidl_generator_cpp: 4.6.6 (/opt/ros/jazzy/share/rosidl_generator_cpp/cmake)
-- Using all available rosidl_typesupport_c: rosidl_typesupport_fastrtps_c;rosidl_typesupport_introspection_c
-- Using all available rosidl_typesupport_cpp: rosidl_typesupport_fastrtps_cpp;rosidl_typesupport_introspection_cpp
-- Found rmw_implementation_cmake: 7.3.2 (/opt/ros/jazzy/share/rmw_implementation_cmake/cmake)
-- Found rmw_fastrtps_cpp: 8.4.3 (/opt/ros/jazzy/share/rmw_fastrtps_cpp/cmake)
-- Found OpenSSL: /usr/lib/x86_64-linux-gnu/libcrypto.so (found version "3.0.13")  
-- Found FastRTPS: /opt/ros/jazzy/include (Required is at least version "2.13") 
-- Using RMW implementation 'rmw_fastrtps_cpp' as default
-- Found geometry_msgs: 5.3.6 (/opt/ros/jazzy/share/geometry_msgs/cmake)
-- Found nav_msgs: 5.3.6 (/opt/ros/jazzy/share/nav_msgs/cmake)
-- Found tf2: 0.36.14 (/opt/ros/jazzy/share/tf2/cmake)
-- Found tf2_ros: 0.36.14 (/opt/ros/jazzy/share/tf2_ros/cmake)
-- Configuring done (1.3s)
-- Generating done (0.0s)
-- Build files have been written to: /home/tural/ros2_ws/build/rover_control
[ 50%] Building CXX object CMakeFiles/goal_sender.dir/goal_sender.cpp.o
[ 50%] Building CXX object CMakeFiles/odom_printer.dir/src/odom_printer.cpp.o
[ 75%] Linking CXX executable goal_sender
[100%] Linking CXX executable odom_printer
[100%] Built target goal_sender
[100%] Built target odom_printer
-- Install configuration: ""
-- Installing: /home/tural/ros2_ws/install/rover_control/lib/rover_control/goal_sender
-- Set non-toolchain portion of runtime path of "/home/tural/ros2_ws/install/rover_control/lib/rover_control/goal_sender" to ""
-- Installing: /home/tural/ros2_ws/install/rover_control/lib/rover_control/odom_printer
-- Set non-toolchain portion of runtime path of "/home/tural/ros2_ws/install/rover_control/lib/rover_control/odom_printer" to ""
-- Installing: /home/tural/ros2_ws/install/rover_control/share/ament_index/resource_index/package_run_dependencies/rover_control
-- Installing: /home/tural/ros2_ws/install/rover_control/share/ament_index/resource_index/parent_prefix_path/rover_control
-- Installing: /home/tural/ros2_ws/install/rover_control/share/rover_control/environment/ament_prefix_path.sh
-- Installing: /home/tural/ros2_ws/install/rover_control/share/rover_control/environment/ament_prefix_path.dsv
-- Installing: /home/tural/ros2_ws/install/rover_control/share/rover_control/environment/path.sh
-- Installing: /home/tural/ros2_ws/install/rover_control/share/rover_control/environment/path.dsv
-- Installing: /home/tural/ros2_ws/install/rover_control/share/rover_control/local_setup.bash
-- Installing: /home/tural/ros2_ws/install/rover_control/share/rover_control/local_setup.sh
-- Installing: /home/tural/ros2_ws/install/rover_control/share/rover_control/local_setup.zsh
-- Installing: /home/tural/ros2_ws/install/rover_control/share/rover_control/local_setup.dsv
-- Installing: /home/tural/ros2_ws/install/rover_control/share/rover_control/package.dsv
-- Installing: /home/tural/ros2_ws/install/rover_control/share/ament_index/resource_index/packages/rover_control
-- Installing: /home/tural/ros2_ws/install/rover_control/share/rover_control/cmake/rover_controlConfig.cmake
-- Installing: /home/tural/ros2_ws/install/rover_control/share/rover_control/cmake/rover_controlConfig-version.cmake
-- Installing: /home/tural/ros2_ws/install/rover_control/share/rover_control/package.xml
