[0.020s] Invoking command in '/home/tural/ros2_ws/build/turtlebot3_gazebo': CMAKE_PREFIX_PATH=${CMAKE_PREFIX_PATH}:/home/tural/ros2_ws/install/turtlebot3_teleop:/home/tural/ros2_ws/install/turtlebot3_example:/opt/ros/jazzy DEBUGINFOD_URLS=https://debuginfod.ubuntu.com /usr/bin/cmake /home/tural/ros2_ws/src/turtlebot3_simulations/turtlebot3_gazebo -DCMAKE_INSTALL_PREFIX=/home/tural/ros2_ws/install/turtlebot3_gazebo
[0.193s] -- The C compiler identification is GNU 11.5.0
[0.261s] -- The CXX compiler identification is GNU 11.5.0
[0.297s] -- Detecting C compiler ABI info
[0.374s] -- Detecting C compiler ABI info - done
[0.380s] -- Check for working C compiler: /usr/lib/ccache/cc - skipped
[0.381s] -- Detecting C compile features
[0.381s] -- Detecting C compile features - done
[0.392s] -- Detecting CXX compiler ABI info
[0.473s] -- Detecting CXX compiler ABI info - done
[0.479s] -- Check for working CXX compiler: /usr/lib/ccache/c++ - skipped
[0.480s] -- Detecting CXX compile features
[0.480s] -- Detecting CXX compile features - done
[0.491s] -- Found ament_cmake: 2.5.4 (/opt/ros/jazzy/share/ament_cmake/cmake)
[0.624s] -- Found Python3: /usr/bin/python3 (found version "3.12.3") found components: Interpreter 
[0.739s] -- Found ros_gz_sim: 1.0.16 (/opt/ros/jazzy/share/ros_gz_sim/cmake)
[0.791s] -- Found rosidl_generator_c: 4.6.6 (/opt/ros/jazzy/share/rosidl_generator_c/cmake)
[0.808s] -- Found rosidl_generator_cpp: 4.6.6 (/opt/ros/jazzy/share/rosidl_generator_cpp/cmake)
[0.834s] -- Using all available rosidl_typesupport_c: rosidl_typesupport_fastrtps_c;rosidl_typesupport_introspection_c
[0.863s] -- Using all available rosidl_typesupport_cpp: rosidl_typesupport_fastrtps_cpp;rosidl_typesupport_introspection_cpp
[0.947s] -- Found rmw_implementation_cmake: 7.3.2 (/opt/ros/jazzy/share/rmw_implementation_cmake/cmake)
[0.953s] -- Found rmw_fastrtps_cpp: 8.4.3 (/opt/ros/jazzy/share/rmw_fastrtps_cpp/cmake)
[1.053s] -- Found OpenSSL: /usr/lib/x86_64-linux-gnu/libcrypto.so (found version "3.0.13")  
[1.075s] -- Found FastRTPS: /opt/ros/jazzy/include (Required is at least version "2.13") 
[1.099s] -- Using RMW implementation 'rmw_fastrtps_cpp' as default
[1.406s] -- Found nav_msgs: 5.3.6 (/opt/ros/jazzy/share/nav_msgs/cmake)
[1.429s] -- Found sensor_msgs: 5.3.6 (/opt/ros/jazzy/share/sensor_msgs/cmake)
[1.451s] -- Found gz_math_vendor: 0.0.8 (/opt/ros/jazzy/share/gz_math_vendor/cmake)
[1.461s] -- Looking for gz-math7 -- found version 7.5.2
[1.469s] -- Searching for dependencies of gz-math7
[1.471s] -- Looking for gz-utils2 -- found version 2.2.1
[1.472s] -- Searching for dependencies of gz-utils2
[1.476s] -- Found gz_sim_vendor: 0.0.8 (/opt/ros/jazzy/share/gz_sim_vendor/cmake)
[1.542s] -- Looking for gz-sim8 -- found version 8.9.0
[1.542s] -- Searching for dependencies of gz-sim8
[1.544s] -- Looking for sdformat14 -- found version 14.8.0
[1.544s] -- Searching for dependencies of sdformat14
[1.549s] -- Checking for module 'tinyxml2'
[1.565s] --   Found tinyxml2, version 10.0.0
[1.598s] -- Looking for gz-math7 -- found version 7.5.2
[1.598s] -- Looking for gz-utils2 -- found version 2.2.1
[1.598s] -- Searching for dependencies of gz-utils2
[1.598s] -- Searching for <gz-utils2> component [cli]
[1.601s] -- Looking for gz-utils2-cli -- found version 2.2.1
[1.601s] -- Searching for dependencies of gz-utils2-cli
[1.604s] -- Looking for gz-plugin2 -- found version 2.0.4
[1.604s] -- Searching for dependencies of gz-plugin2
[1.604s] -- Looking for gz-utils2 -- found version 2.2.1
[1.605s] -- Searching for <gz-plugin2> component [loader]
[1.607s] -- Looking for gz-plugin2-loader -- found version 2.0.4
[1.607s] -- Searching for dependencies of gz-plugin2-loader
[1.608s] -- Searching for <gz-plugin2> component [register]
[1.610s] -- Looking for gz-plugin2-register -- found version 2.0.4
[1.610s] -- Searching for dependencies of gz-plugin2-register
[1.612s] -- Looking for gz-transport13 -- found version 13.4.1
[1.612s] -- Searching for dependencies of gz-transport13
[1.758s] -- Found Protobuf: /usr/lib/x86_64-linux-gnu/libprotobuf.so (found version "3.21.12") 
[1.771s] -- Config-file not installed for ZeroMQ -- checking for pkg-config
[1.776s] -- Checking for module 'libzmq >= 4'
[1.795s] --   Found libzmq, version 4.3.5
[1.839s] -- Found ZeroMQ: TRUE (Required is at least version "4") 
[1.846s] -- Checking for module 'uuid'
[1.864s] --   Found uuid, version 2.39.3
[1.899s] -- Found UUID: TRUE  
[1.899s] -- Looking for gz-utils2 -- found version 2.2.1
[1.902s] -- Looking for gz-msgs10 -- found version 10.3.2
[1.902s] -- Searching for dependencies of gz-msgs10
[1.920s] -- Looking for gz-utils2 -- found version 2.2.1
[1.920s] -- Looking for gz-math7 -- found version 7.5.2
[1.930s] -- Searching for <gz-transport13> component [log]
[1.932s] -- Looking for gz-transport13-log -- found version 13.4.1
[1.932s] -- Searching for dependencies of gz-transport13-log
[1.933s] -- Searching for <gz-transport13> component [parameters]
[1.935s] -- Looking for gz-transport13-parameters -- found version 13.4.1
[1.935s] -- Searching for dependencies of gz-transport13-parameters
[1.936s] -- Looking for gz-msgs10 -- found version 10.3.2
[1.938s] -- Looking for gz-common5 -- found version 5.7.1
[1.938s] -- Searching for dependencies of gz-common5
[1.938s] -- Looking for gz-utils2 -- found version 2.2.1
[1.939s] -- Looking for dlfcn.h - found
[1.940s] -- Looking for libdl - found
[1.941s] -- Found DL: TRUE  
[1.948s] -- Searching for <gz-common5> component [av]
[1.950s] -- Looking for gz-common5-av -- found version 5.7.1
[1.950s] -- Searching for dependencies of gz-common5-av
[1.955s] -- Checking for module 'libswscale'
[1.977s] --   Found libswscale, version 7.5.100
[2.006s] -- Found SWSCALE: TRUE  
[2.012s] -- Checking for module 'libavdevice >= 56.4.100'
[2.028s] --   Found libavdevice, version 60.3.100
[2.069s] -- Found AVDEVICE: TRUE (Required is at least version "56.4.100") 
[2.074s] -- Checking for module 'libavformat'
[2.088s] --   Found libavformat, version 60.16.100
[2.123s] -- Found AVFORMAT: TRUE  
[2.129s] -- Checking for module 'libavcodec'
[2.144s] --   Found libavcodec, version 60.31.102
[2.181s] -- Found AVCODEC: TRUE  
[2.186s] -- Checking for module 'libavutil'
[2.200s] --   Found libavutil, version 58.29.100
[2.232s] -- Found AVUTIL: TRUE  
[2.234s] -- Searching for <gz-common5> component [events]
[2.238s] -- Looking for gz-common5-events -- found version 5.7.1
[2.238s] -- Searching for dependencies of gz-common5-events
[2.238s] -- Looking for gz-math7 -- found version 7.5.2
[2.239s] -- Searching for <gz-common5> component [graphics]
[2.241s] -- Looking for gz-common5-graphics -- found version 5.7.1
[2.241s] -- Searching for dependencies of gz-common5-graphics
[2.241s] -- Looking for gz-math7 -- found version 7.5.2
[2.247s] -- Found GzAssimp: TRUE (found version "5.3.0") 
[2.248s] -- Searching for <gz-common5> component [io]
[2.251s] -- Looking for gz-common5-io -- found version 5.7.1
[2.251s] -- Searching for dependencies of gz-common5-io
[2.252s] -- Searching for <gz-common5> component [profiler]
[2.254s] -- Looking for gz-common5-profiler -- found version 5.7.1
[2.254s] -- Searching for dependencies of gz-common5-profiler
[2.258s] -- Looking for gz-fuel_tools9 -- found version 9.1.1
[2.258s] -- Searching for dependencies of gz-fuel_tools9
[2.336s] -- Found CURL: /usr/lib/x86_64-linux-gnu/libcurl.so (found version "8.5.0")  
[2.347s] -- Checking for module 'jsoncpp'
[2.362s] --   Found jsoncpp, version 1.9.5
[2.394s] -- Found JSONCPP: TRUE  
[2.411s] -- Checking for module 'yaml-0.1'
[2.425s] --   Found yaml-0.1, version 0.2.5
[2.458s] -- Found YAML: TRUE  
[2.463s] -- Checking for module 'libzip'
[2.478s] --   Found libzip, version 1.7.3
[2.511s] -- Found ZIP: TRUE  
[2.511s] -- Looking for gz-utils2 -- found version 2.2.1
[2.511s] -- Looking for gz-common5 -- found version 5.7.1
[2.512s] -- Searching for dependencies of gz-common5
[2.512s] -- Looking for gz-utils2 -- found version 2.2.1
[2.512s] -- Looking for dlfcn.h - found
[2.512s] -- Looking for libdl - found
[2.519s] -- Searching for <gz-common5> component [testing]
[2.521s] -- Looking for gz-common5-testing -- found version 5.7.1
[2.521s] -- Searching for dependencies of gz-common5-testing
[2.522s] -- Looking for gz-math7 -- found version 7.5.2
[2.523s] -- Looking for gz-msgs10 -- found version 10.3.2
[2.525s] -- Looking for gz-gui8 -- found version 8.4.0
[2.525s] -- Searching for dependencies of gz-gui8
[2.549s] -- Looking for gz-utils2 -- found version 2.2.1
[2.549s] -- Looking for gz-math7 -- found version 7.5.2
[2.550s] -- Looking for gz-common5 -- found version 5.7.1
[2.550s] -- Looking for gz-plugin2 -- found version 2.0.4
[2.550s] -- Looking for gz-transport13 -- found version 13.4.1
[2.552s] -- Looking for gz-rendering8 -- found version 8.2.2
[2.552s] -- Searching for dependencies of gz-rendering8
[2.552s] -- Looking for gz-math7 -- found version 7.5.2
[2.552s] -- Searching for dependencies of gz-math7
[2.553s] -- Looking for gz-utils2 -- found version 2.2.1
[2.553s] -- Searching for <gz-math7> component [eigen3]
[2.556s] -- Looking for gz-math7-eigen3 -- found version 7.5.2
[2.556s] -- Searching for dependencies of gz-math7-eigen3
[2.565s] -- Looking for gz-common5 -- found version 5.7.1
[2.565s] -- Searching for dependencies of gz-common5
[2.566s] -- Looking for gz-utils2 -- found version 2.2.1
[2.566s] -- Looking for dlfcn.h - found
[2.566s] -- Looking for libdl - found
[2.573s] -- Searching for <gz-common5> component [graphics]
[2.573s] -- Searching for <gz-common5> component [events]
[2.573s] -- Searching for <gz-common5> component [geospatial]
[2.575s] -- Looking for gz-common5-geospatial -- found version 5.7.1
[2.575s] -- Searching for dependencies of gz-common5-geospatial
[2.576s] -- Looking for gz-math7 -- found version 7.5.2
[2.576s] -- Looking for gz-common5 -- found version 5.7.1
[2.577s] -- Looking for gz-plugin2 -- found version 2.0.4
[2.577s] -- Searching for dependencies of gz-plugin2
[2.577s] -- Looking for gz-utils2 -- found version 2.2.1
[2.578s] -- Searching for <gz-plugin2> component [all]
[2.580s] -- Looking for all libraries of gz-plugin2 -- found version 2.0.4
[2.580s] -- Looking for gz-plugin2 -- found version 2.0.4
[2.581s] -- Looking for gz-utils2 -- found version 2.2.1
[2.594s] -- Found OpenGL: /usr/lib/x86_64-linux-gnu/libOpenGL.so  found components: OpenGL 
[2.596s] -- Looking for gz-msgs10 -- found version 10.3.2
[2.623s] -- Looking for gz-physics7 -- found version 7.5.0
[2.623s] -- Searching for dependencies of gz-physics7
[2.623s] -- Looking for gz-common5 -- found version 5.7.1
[2.624s] -- Looking for gz-math7 -- found version 7.5.2
[2.624s] -- Looking for gz-plugin2 -- found version 2.0.4
[2.624s] -- Looking for gz-utils2 -- found version 2.2.1
[2.626s] -- Searching for <gz-physics7> component [heightmap]
[2.627s] -- Looking for gz-physics7-heightmap -- found version 7.5.0
[2.627s] -- Searching for dependencies of gz-physics7-heightmap
[2.628s] -- Looking for gz-common5 -- found version 5.7.1
[2.628s] -- Searching for <gz-physics7> component [mesh]
[2.630s] -- Looking for gz-physics7-mesh -- found version 7.5.0
[2.630s] -- Searching for dependencies of gz-physics7-mesh
[2.630s] -- Looking for gz-common5 -- found version 5.7.1
[2.631s] -- Searching for <gz-physics7> component [sdf]
[2.632s] -- Looking for gz-physics7-sdf -- found version 7.5.0
[2.632s] -- Searching for dependencies of gz-physics7-sdf
[2.633s] -- Looking for sdformat14 -- found version 14.8.0
[2.636s] -- Looking for gz-sensors8 -- found version 8.2.2
[2.636s] -- Searching for dependencies of gz-sensors8
[2.653s] -- Looking for gz-math7 -- found version 7.5.2
[2.653s] -- Looking for gz-common5 -- found version 5.7.1
[2.653s] -- Looking for gz-transport13 -- found version 13.4.1
[2.654s] -- Looking for gz-rendering8 -- found version 8.2.2
[2.654s] -- Looking for gz-msgs10 -- found version 10.3.2
[2.654s] -- Looking for sdformat14 -- found version 14.8.0
[2.655s] -- Searching for <gz-sensors8> component [air_pressure]
[2.656s] -- Looking for gz-sensors8-air_pressure -- found version 8.2.2
[2.656s] -- Searching for dependencies of gz-sensors8-air_pressure
[2.657s] -- Searching for <gz-sensors8> component [air_speed]
[2.659s] -- Looking for gz-sensors8-air_speed -- found version 8.2.2
[2.659s] -- Searching for dependencies of gz-sensors8-air_speed
[2.659s] -- Searching for <gz-sensors8> component [altimeter]
[2.661s] -- Looking for gz-sensors8-altimeter -- found version 8.2.2
[2.661s] -- Searching for dependencies of gz-sensors8-altimeter
[2.661s] -- Searching for <gz-sensors8> component [imu]
[2.663s] -- Looking for gz-sensors8-imu -- found version 8.2.2
[2.663s] -- Searching for dependencies of gz-sensors8-imu
[2.664s] -- Searching for <gz-sensors8> component [force_torque]
[2.666s] -- Looking for gz-sensors8-force_torque -- found version 8.2.2
[2.666s] -- Searching for dependencies of gz-sensors8-force_torque
[2.667s] -- Searching for <gz-sensors8> component [logical_camera]
[2.668s] -- Looking for gz-sensors8-logical_camera -- found version 8.2.2
[2.668s] -- Searching for dependencies of gz-sensors8-logical_camera
[2.669s] -- Searching for <gz-sensors8> component [magnetometer]
[2.670s] -- Looking for gz-sensors8-magnetometer -- found version 8.2.2
[2.670s] -- Searching for dependencies of gz-sensors8-magnetometer
[2.671s] -- Searching for <gz-sensors8> component [navsat]
[2.673s] -- Looking for gz-sensors8-navsat -- found version 8.2.2
[2.673s] -- Searching for dependencies of gz-sensors8-navsat
[2.673s] -- Searching for <gz-sensors8> component [dvl]
[2.675s] -- Looking for gz-sensors8-dvl -- found version 8.2.2
[2.675s] -- Searching for dependencies of gz-sensors8-dvl
[2.675s] -- Looking for gz-sensors8 -- found version 8.2.2
[2.676s] -- Searching for dependencies of gz-sensors8
[2.692s] -- Looking for gz-math7 -- found version 7.5.2
[2.692s] -- Looking for gz-common5 -- found version 5.7.1
[2.693s] -- Looking for gz-transport13 -- found version 13.4.1
[2.693s] -- Looking for gz-rendering8 -- found version 8.2.2
[2.693s] -- Looking for gz-msgs10 -- found version 10.3.2
[2.693s] -- Looking for sdformat14 -- found version 14.8.0
[2.694s] -- Searching for <gz-sensors8> component [rendering]
[2.695s] -- Looking for gz-sensors8-rendering -- found version 8.2.2
[2.695s] -- Searching for dependencies of gz-sensors8-rendering
[2.697s] -- Searching for <gz-sensors8> component [rendering]
[2.697s] -- Searching for <gz-sensors8> component [lidar]
[2.698s] -- Looking for gz-sensors8-lidar -- found version 8.2.2
[2.698s] -- Searching for dependencies of gz-sensors8-lidar
[2.698s] -- Looking for gz-sensors8 -- found version 8.2.2
[2.699s] -- Searching for <gz-sensors8> component [gpu_lidar]
[2.701s] -- Looking for gz-sensors8-gpu_lidar -- found version 8.2.2
[2.701s] -- Searching for dependencies of gz-sensors8-gpu_lidar
[2.701s] -- Looking for gz-sensors8 -- found version 8.2.2
[2.702s] -- Searching for <gz-sensors8> component [camera]
[2.704s] -- Looking for gz-sensors8-camera -- found version 8.2.2
[2.704s] -- Searching for dependencies of gz-sensors8-camera
[2.704s] -- Looking for gz-sensors8 -- found version 8.2.2
[2.705s] -- Searching for <gz-sensors8> component [boundingbox_camera]
[2.707s] -- Looking for gz-sensors8-boundingbox_camera -- found version 8.2.2
[2.707s] -- Searching for dependencies of gz-sensors8-boundingbox_camera
[2.707s] -- Searching for <gz-sensors8> component [segmentation_camera]
[2.709s] -- Looking for gz-sensors8-segmentation_camera -- found version 8.2.2
[2.709s] -- Searching for dependencies of gz-sensors8-segmentation_camera
[2.710s] -- Searching for <gz-sensors8> component [depth_camera]
[2.712s] -- Looking for gz-sensors8-depth_camera -- found version 8.2.2
[2.712s] -- Searching for dependencies of gz-sensors8-depth_camera
[2.712s] -- Looking for gz-sensors8 -- found version 8.2.2
[2.713s] -- Searching for <gz-sensors8> component [rgbd_camera]
[2.715s] -- Looking for gz-sensors8-rgbd_camera -- found version 8.2.2
[2.715s] -- Searching for dependencies of gz-sensors8-rgbd_camera
[2.715s] -- Looking for gz-sensors8 -- found version 8.2.2
[2.715s] -- Searching for <gz-sensors8> component [thermal_camera]
[2.717s] -- Looking for gz-sensors8-thermal_camera -- found version 8.2.2
[2.717s] -- Searching for dependencies of gz-sensors8-thermal_camera
[2.717s] -- Looking for gz-sensors8 -- found version 8.2.2
[2.718s] -- Searching for <gz-sensors8> component [wide_angle_camera]
[2.720s] -- Looking for gz-sensors8-wide_angle_camera -- found version 8.2.2
[2.720s] -- Searching for dependencies of gz-sensors8-wide_angle_camera
[2.721s] -- Looking for gz-rendering8 -- found version 8.2.2
[2.721s] -- Looking for gz-math7 -- found version 7.5.2
[2.722s] -- Looking for gz-utils2 -- found version 2.2.1
[2.743s] -- Looking for gz-plugin2 -- found version 2.0.4
[2.813s] -- Configuring done (2.8s)
[2.842s] -- Generating done (0.0s)
[2.848s] -- Build files have been written to: /home/tural/ros2_ws/build/turtlebot3_gazebo
[2.865s] Invoked command in '/home/tural/ros2_ws/build/turtlebot3_gazebo' returned '0': CMAKE_PREFIX_PATH=${CMAKE_PREFIX_PATH}:/home/tural/ros2_ws/install/turtlebot3_teleop:/home/tural/ros2_ws/install/turtlebot3_example:/opt/ros/jazzy DEBUGINFOD_URLS=https://debuginfod.ubuntu.com /usr/bin/cmake /home/tural/ros2_ws/src/turtlebot3_simulations/turtlebot3_gazebo -DCMAKE_INSTALL_PREFIX=/home/tural/ros2_ws/install/turtlebot3_gazebo
[2.868s] Invoking command in '/home/tural/ros2_ws/build/turtlebot3_gazebo': CMAKE_PREFIX_PATH=${CMAKE_PREFIX_PATH}:/home/tural/ros2_ws/install/turtlebot3_teleop:/home/tural/ros2_ws/install/turtlebot3_example:/opt/ros/jazzy DEBUGINFOD_URLS=https://debuginfod.ubuntu.com /usr/bin/cmake --build /home/tural/ros2_ws/build/turtlebot3_gazebo -- -j16 -l16
[2.937s] [ 12%] Building CXX object CMakeFiles/obstacles.dir/src/obstacles.cpp.o
[2.937s] [ 25%] Building CXX object CMakeFiles/obstacle1.dir/src/obstacle1.cpp.o
[2.937s] [ 37%] Building CXX object CMakeFiles/turtlebot3_drive.dir/src/turtlebot3_drive.cpp.o
[2.937s] [ 50%] Building CXX object CMakeFiles/obstacle2.dir/src/obstacle2.cpp.o
[2.968s] [ 75%] Linking CXX shared library libobstacle1.so
[2.968s] [ 75%] Linking CXX shared library libobstacles.so
[2.971s] [ 87%] Linking CXX shared library libobstacle2.so
[2.975s] [100%] Linking CXX executable turtlebot3_drive
[3.269s] [100%] Built target obstacle2
[3.272s] [100%] Built target obstacles
[3.276s] [100%] Built target obstacle1
[3.367s] [100%] Built target turtlebot3_drive
[3.375s] Invoked command in '/home/tural/ros2_ws/build/turtlebot3_gazebo' returned '0': CMAKE_PREFIX_PATH=${CMAKE_PREFIX_PATH}:/home/tural/ros2_ws/install/turtlebot3_teleop:/home/tural/ros2_ws/install/turtlebot3_example:/opt/ros/jazzy DEBUGINFOD_URLS=https://debuginfod.ubuntu.com /usr/bin/cmake --build /home/tural/ros2_ws/build/turtlebot3_gazebo -- -j16 -l16
[3.376s] Invoking command in '/home/tural/ros2_ws/build/turtlebot3_gazebo': CMAKE_PREFIX_PATH=${CMAKE_PREFIX_PATH}:/home/tural/ros2_ws/install/turtlebot3_teleop:/home/tural/ros2_ws/install/turtlebot3_example:/opt/ros/jazzy DEBUGINFOD_URLS=https://debuginfod.ubuntu.com /usr/bin/cmake --install /home/tural/ros2_ws/build/turtlebot3_gazebo
[3.383s] -- Install configuration: ""
[3.383s] -- Installing: /home/tural/ros2_ws/install/turtlebot3_gazebo/lib/turtlebot3_gazebo/turtlebot3_drive
[3.388s] -- Set non-toolchain portion of runtime path of "/home/tural/ros2_ws/install/turtlebot3_gazebo/lib/turtlebot3_gazebo/turtlebot3_drive" to ""
[3.388s] -- Installing: /home/tural/ros2_ws/install/turtlebot3_gazebo/lib/turtlebot3_gazebo/libobstacles.so
[3.388s] -- Set non-toolchain portion of runtime path of "/home/tural/ros2_ws/install/turtlebot3_gazebo/lib/turtlebot3_gazebo/libobstacles.so" to ""
[3.388s] -- Installing: /home/tural/ros2_ws/install/turtlebot3_gazebo/lib/turtlebot3_gazebo/libobstacle1.so
[3.389s] -- Set non-toolchain portion of runtime path of "/home/tural/ros2_ws/install/turtlebot3_gazebo/lib/turtlebot3_gazebo/libobstacle1.so" to ""
[3.389s] -- Installing: /home/tural/ros2_ws/install/turtlebot3_gazebo/lib/turtlebot3_gazebo/libobstacle2.so
[3.389s] -- Set non-toolchain portion of runtime path of "/home/tural/ros2_ws/install/turtlebot3_gazebo/lib/turtlebot3_gazebo/libobstacle2.so" to ""
[3.389s] -- Installing: /home/tural/ros2_ws/install/turtlebot3_gazebo/share/turtlebot3_gazebo//launch
[3.390s] -- Installing: /home/tural/ros2_ws/install/turtlebot3_gazebo/share/turtlebot3_gazebo//launch/turtlebot3_house.launch.py
[3.390s] -- Installing: /home/tural/ros2_ws/install/turtlebot3_gazebo/share/turtlebot3_gazebo//launch/turtlebot3_dqn_stage3.launch.py
[3.390s] -- Installing: /home/tural/ros2_ws/install/turtlebot3_gazebo/share/turtlebot3_gazebo//launch/turtlebot3_dqn_stage4.launch.py
[3.390s] -- Installing: /home/tural/ros2_ws/install/turtlebot3_gazebo/share/turtlebot3_gazebo//launch/empty_world.launch.py
[3.391s] -- Installing: /home/tural/ros2_ws/install/turtlebot3_gazebo/share/turtlebot3_gazebo//launch/turtlebot3_world.launch.py
[3.391s] -- Installing: /home/tural/ros2_ws/install/turtlebot3_gazebo/share/turtlebot3_gazebo//launch/robot_state_publisher.launch.py
[3.391s] -- Installing: /home/tural/ros2_ws/install/turtlebot3_gazebo/share/turtlebot3_gazebo//launch/spawn_turtlebot3.launch.py
[3.391s] -- Installing: /home/tural/ros2_ws/install/turtlebot3_gazebo/share/turtlebot3_gazebo//launch/turtlebot3_dqn_stage2.launch.py
[3.391s] -- Installing: /home/tural/ros2_ws/install/turtlebot3_gazebo/share/turtlebot3_gazebo//launch/turtlebot3_dqn_stage1.launch.py
[3.391s] -- Installing: /home/tural/ros2_ws/install/turtlebot3_gazebo/share/turtlebot3_gazebo//models
[3.391s] -- Installing: /home/tural/ros2_ws/install/turtlebot3_gazebo/share/turtlebot3_gazebo//models/turtlebot3_burger
[3.391s] -- Installing: /home/tural/ros2_ws/install/turtlebot3_gazebo/share/turtlebot3_gazebo//models/turtlebot3_burger/model.sdf
[3.393s] -- Installing: /home/tural/ros2_ws/install/turtlebot3_gazebo/share/turtlebot3_gazebo//models/turtlebot3_burger/model.config
[3.393s] -- Installing: /home/tural/ros2_ws/install/turtlebot3_gazebo/share/turtlebot3_gazebo//models/turtlebot3_burger/model-1_4.sdf
[3.394s] -- Installing: /home/tural/ros2_ws/install/turtlebot3_gazebo/share/turtlebot3_gazebo//models/turtlebot3_waffle
[3.394s] -- Installing: /home/tural/ros2_ws/install/turtlebot3_gazebo/share/turtlebot3_gazebo//models/turtlebot3_waffle/model.sdf
[3.394s] -- Installing: /home/tural/ros2_ws/install/turtlebot3_gazebo/share/turtlebot3_gazebo//models/turtlebot3_waffle/model.config
[3.395s] -- Installing: /home/tural/ros2_ws/install/turtlebot3_gazebo/share/turtlebot3_gazebo//models/turtlebot3_waffle/model-1_4.sdf
[3.395s] -- Installing: /home/tural/ros2_ws/install/turtlebot3_gazebo/share/turtlebot3_gazebo//models/turtlebot3_burger_cam
[3.395s] -- Installing: /home/tural/ros2_ws/install/turtlebot3_gazebo/share/turtlebot3_gazebo//models/turtlebot3_burger_cam/model.sdf
[3.395s] -- Installing: /home/tural/ros2_ws/install/turtlebot3_gazebo/share/turtlebot3_gazebo//models/turtlebot3_burger_cam/model.config
[3.395s] -- Installing: /home/tural/ros2_ws/install/turtlebot3_gazebo/share/turtlebot3_gazebo//models/turtlebot3_burger_cam/model-1_4.sdf
[3.395s] -- Installing: /home/tural/ros2_ws/install/turtlebot3_gazebo/share/turtlebot3_gazebo//models/turtlebot3_waffle_pi
[3.396s] -- Installing: /home/tural/ros2_ws/install/turtlebot3_gazebo/share/turtlebot3_gazebo//models/turtlebot3_waffle_pi/model.sdf
[3.396s] -- Installing: /home/tural/ros2_ws/install/turtlebot3_gazebo/share/turtlebot3_gazebo//models/turtlebot3_waffle_pi/model.config
[3.396s] -- Installing: /home/tural/ros2_ws/install/turtlebot3_gazebo/share/turtlebot3_gazebo//models/turtlebot3_waffle_pi/model-1_4_.sdf
[3.396s] -- Installing: /home/tural/ros2_ws/install/turtlebot3_gazebo/share/turtlebot3_gazebo//models/turtlebot3_dqn_world
[3.397s] -- Installing: /home/tural/ros2_ws/install/turtlebot3_gazebo/share/turtlebot3_gazebo//models/turtlebot3_dqn_world/obstacles
[3.397s] -- Installing: /home/tural/ros2_ws/install/turtlebot3_gazebo/share/turtlebot3_gazebo//models/turtlebot3_dqn_world/obstacles/model.sdf
[3.397s] -- Installing: /home/tural/ros2_ws/install/turtlebot3_gazebo/share/turtlebot3_gazebo//models/turtlebot3_dqn_world/obstacles/model.config
[3.397s] -- Installing: /home/tural/ros2_ws/install/turtlebot3_gazebo/share/turtlebot3_gazebo//models/turtlebot3_dqn_world/textures
[3.397s] -- Installing: /home/tural/ros2_ws/install/turtlebot3_gazebo/share/turtlebot3_gazebo//models/turtlebot3_dqn_world/textures/wood.png
[3.398s] -- Installing: /home/tural/ros2_ws/install/turtlebot3_gazebo/share/turtlebot3_gazebo//models/turtlebot3_dqn_world/model.sdf
[3.398s] -- Installing: /home/tural/ros2_ws/install/turtlebot3_gazebo/share/turtlebot3_gazebo//models/turtlebot3_dqn_world/obstacle1
[3.398s] -- Installing: /home/tural/ros2_ws/install/turtlebot3_gazebo/share/turtlebot3_gazebo//models/turtlebot3_dqn_world/obstacle1/model.sdf
[3.398s] -- Installing: /home/tural/ros2_ws/install/turtlebot3_gazebo/share/turtlebot3_gazebo//models/turtlebot3_dqn_world/obstacle1/model.config
[3.399s] -- Installing: /home/tural/ros2_ws/install/turtlebot3_gazebo/share/turtlebot3_gazebo//models/turtlebot3_dqn_world/goal_box
[3.399s] -- Installing: /home/tural/ros2_ws/install/turtlebot3_gazebo/share/turtlebot3_gazebo//models/turtlebot3_dqn_world/goal_box/model.sdf
[3.399s] -- Installing: /home/tural/ros2_ws/install/turtlebot3_gazebo/share/turtlebot3_gazebo//models/turtlebot3_dqn_world/goal_box/model.config
[3.399s] -- Installing: /home/tural/ros2_ws/install/turtlebot3_gazebo/share/turtlebot3_gazebo//models/turtlebot3_dqn_world/inner_walls
[3.399s] -- Installing: /home/tural/ros2_ws/install/turtlebot3_gazebo/share/turtlebot3_gazebo//models/turtlebot3_dqn_world/inner_walls/textures
[3.399s] -- Installing: /home/tural/ros2_ws/install/turtlebot3_gazebo/share/turtlebot3_gazebo//models/turtlebot3_dqn_world/inner_walls/textures/wood.png
[3.400s] -- Installing: /home/tural/ros2_ws/install/turtlebot3_gazebo/share/turtlebot3_gazebo//models/turtlebot3_dqn_world/inner_walls/model.sdf
[3.400s] -- Installing: /home/tural/ros2_ws/install/turtlebot3_gazebo/share/turtlebot3_gazebo//models/turtlebot3_dqn_world/inner_walls/model.config
[3.400s] -- Installing: /home/tural/ros2_ws/install/turtlebot3_gazebo/share/turtlebot3_gazebo//models/turtlebot3_dqn_world/model.config
[3.400s] -- Installing: /home/tural/ros2_ws/install/turtlebot3_gazebo/share/turtlebot3_gazebo//models/turtlebot3_dqn_world/obstacle2
[3.401s] -- Installing: /home/tural/ros2_ws/install/turtlebot3_gazebo/share/turtlebot3_gazebo//models/turtlebot3_dqn_world/obstacle2/model.sdf
[3.401s] -- Installing: /home/tural/ros2_ws/install/turtlebot3_gazebo/share/turtlebot3_gazebo//models/turtlebot3_dqn_world/obstacle2/model.config
[3.401s] -- Installing: /home/tural/ros2_ws/install/turtlebot3_gazebo/share/turtlebot3_gazebo//models/turtlebot3_world
[3.401s] -- Installing: /home/tural/ros2_ws/install/turtlebot3_gazebo/share/turtlebot3_gazebo//models/turtlebot3_world/model.sdf
[3.401s] -- Installing: /home/tural/ros2_ws/install/turtlebot3_gazebo/share/turtlebot3_gazebo//models/turtlebot3_world/meshes
[3.401s] -- Installing: /home/tural/ros2_ws/install/turtlebot3_gazebo/share/turtlebot3_gazebo//models/turtlebot3_world/meshes/wall.dae
[3.401s] -- Installing: /home/tural/ros2_ws/install/turtlebot3_gazebo/share/turtlebot3_gazebo//models/turtlebot3_world/meshes/hexagon.dae
[3.402s] -- Installing: /home/tural/ros2_ws/install/turtlebot3_gazebo/share/turtlebot3_gazebo//models/turtlebot3_world/model.config
[3.402s] -- Installing: /home/tural/ros2_ws/install/turtlebot3_gazebo/share/turtlebot3_gazebo//models/turtlebot3_world/model-1_4.sdf
[3.402s] -- Installing: /home/tural/ros2_ws/install/turtlebot3_gazebo/share/turtlebot3_gazebo//models/turtlebot3_common
[3.402s] -- Installing: /home/tural/ros2_ws/install/turtlebot3_gazebo/share/turtlebot3_gazebo//models/turtlebot3_common/meshes
[3.402s] -- Installing: /home/tural/ros2_ws/install/turtlebot3_gazebo/share/turtlebot3_gazebo//models/turtlebot3_common/meshes/sensors
[3.402s] -- Installing: /home/tural/ros2_ws/install/turtlebot3_gazebo/share/turtlebot3_gazebo//models/turtlebot3_common/meshes/sensors/lds.stl
[3.404s] -- Installing: /home/tural/ros2_ws/install/turtlebot3_gazebo/share/turtlebot3_gazebo//models/turtlebot3_common/meshes/sensors/astra.dae
[3.414s] -- Installing: /home/tural/ros2_ws/install/turtlebot3_gazebo/share/turtlebot3_gazebo//models/turtlebot3_common/meshes/sensors/r200.dae
[3.415s] -- Installing: /home/tural/ros2_ws/install/turtlebot3_gazebo/share/turtlebot3_gazebo//models/turtlebot3_common/meshes/sensors/astra.jpg
[3.415s] -- Installing: /home/tural/ros2_ws/install/turtlebot3_gazebo/share/turtlebot3_gazebo//models/turtlebot3_common/meshes/sensors/r200.jpg
[3.415s] -- Installing: /home/tural/ros2_ws/install/turtlebot3_gazebo/share/turtlebot3_gazebo//models/turtlebot3_common/meshes/tire.dae
[3.415s] -- Installing: /home/tural/ros2_ws/install/turtlebot3_gazebo/share/turtlebot3_gazebo//models/turtlebot3_common/meshes/r200.dae
[3.416s] -- Installing: /home/tural/ros2_ws/install/turtlebot3_gazebo/share/turtlebot3_gazebo//models/turtlebot3_common/meshes/waffle_base.dae
[3.416s] -- Installing: /home/tural/ros2_ws/install/turtlebot3_gazebo/share/turtlebot3_gazebo//models/turtlebot3_common/meshes/bases
[3.417s] -- Installing: /home/tural/ros2_ws/install/turtlebot3_gazebo/share/turtlebot3_gazebo//models/turtlebot3_common/meshes/bases/waffle_pi_base.stl
[3.426s] -- Installing: /home/tural/ros2_ws/install/turtlebot3_gazebo/share/turtlebot3_gazebo//models/turtlebot3_common/meshes/bases/burger_base.stl
[3.433s] -- Installing: /home/tural/ros2_ws/install/turtlebot3_gazebo/share/turtlebot3_gazebo//models/turtlebot3_common/meshes/bases/waffle_base.stl
[3.453s] -- Installing: /home/tural/ros2_ws/install/turtlebot3_gazebo/share/turtlebot3_gazebo//models/turtlebot3_common/meshes/burger_base.dae
[3.453s] -- Installing: /home/tural/ros2_ws/install/turtlebot3_gazebo/share/turtlebot3_gazebo//models/turtlebot3_common/meshes/waffle_pi_base.dae
[3.453s] -- Installing: /home/tural/ros2_ws/install/turtlebot3_gazebo/share/turtlebot3_gazebo//models/turtlebot3_common/meshes/wheels
[3.453s] -- Installing: /home/tural/ros2_ws/install/turtlebot3_gazebo/share/turtlebot3_gazebo//models/turtlebot3_common/meshes/wheels/right_tire.stl
[3.455s] -- Installing: /home/tural/ros2_ws/install/turtlebot3_gazebo/share/turtlebot3_gazebo//models/turtlebot3_common/meshes/wheels/left_tire.stl
[3.457s] -- Installing: /home/tural/ros2_ws/install/turtlebot3_gazebo/share/turtlebot3_gazebo//models/turtlebot3_common/meshes/lds.dae
[3.457s] -- Installing: /home/tural/ros2_ws/install/turtlebot3_gazebo/share/turtlebot3_gazebo//models/turtlebot3_common/model.config
[3.457s] -- Installing: /home/tural/ros2_ws/install/turtlebot3_gazebo/share/turtlebot3_gazebo//models/turtlebot3_house
[3.458s] -- Installing: /home/tural/ros2_ws/install/turtlebot3_gazebo/share/turtlebot3_gazebo//models/turtlebot3_house/textures
[3.458s] -- Installing: /home/tural/ros2_ws/install/turtlebot3_gazebo/share/turtlebot3_gazebo//models/turtlebot3_house/textures/wood.png
[3.458s] -- Installing: /home/tural/ros2_ws/install/turtlebot3_gazebo/share/turtlebot3_gazebo//models/turtlebot3_house/textures/bricks.png
[3.461s] -- Installing: /home/tural/ros2_ws/install/turtlebot3_gazebo/share/turtlebot3_gazebo//models/turtlebot3_house/model.sdf
[3.461s] -- Installing: /home/tural/ros2_ws/install/turtlebot3_gazebo/share/turtlebot3_gazebo//models/turtlebot3_house/table_marble
[3.462s] -- Installing: /home/tural/ros2_ws/install/turtlebot3_gazebo/share/turtlebot3_gazebo//models/turtlebot3_house/table_marble/model.sdf
[3.462s] -- Installing: /home/tural/ros2_ws/install/turtlebot3_gazebo/share/turtlebot3_gazebo//models/turtlebot3_house/table_marble/meshes
[3.462s] -- Installing: /home/tural/ros2_ws/install/turtlebot3_gazebo/share/turtlebot3_gazebo//models/turtlebot3_house/table_marble/meshes/table_lightmap.dae
[3.463s] -- Installing: /home/tural/ros2_ws/install/turtlebot3_gazebo/share/turtlebot3_gazebo//models/turtlebot3_house/table_marble/model.config
[3.463s] -- Installing: /home/tural/ros2_ws/install/turtlebot3_gazebo/share/turtlebot3_gazebo//models/turtlebot3_house/table_marble/model-1_4.sdf
[3.463s] -- Installing: /home/tural/ros2_ws/install/turtlebot3_gazebo/share/turtlebot3_gazebo//models/turtlebot3_house/table_marble/materials
[3.463s] -- Installing: /home/tural/ros2_ws/install/turtlebot3_gazebo/share/turtlebot3_gazebo//models/turtlebot3_house/table_marble/materials/textures
[3.463s] -- Installing: /home/tural/ros2_ws/install/turtlebot3_gazebo/share/turtlebot3_gazebo//models/turtlebot3_house/table_marble/materials/textures/table_lightmap.png
[3.464s] -- Installing: /home/tural/ros2_ws/install/turtlebot3_gazebo/share/turtlebot3_gazebo//models/turtlebot3_house/table_marble/materials/textures/marble.png
[3.465s] -- Installing: /home/tural/ros2_ws/install/turtlebot3_gazebo/share/turtlebot3_gazebo//models/turtlebot3_house/table_marble/materials/scripts
[3.465s] -- Installing: /home/tural/ros2_ws/install/turtlebot3_gazebo/share/turtlebot3_gazebo//models/turtlebot3_house/table_marble/materials/scripts/table_lightmap.material
[3.465s] -- Installing: /home/tural/ros2_ws/install/turtlebot3_gazebo/share/turtlebot3_gazebo//models/turtlebot3_house/cafe_table
[3.465s] -- Installing: /home/tural/ros2_ws/install/turtlebot3_gazebo/share/turtlebot3_gazebo//models/turtlebot3_house/cafe_table/model.sdf
[3.466s] -- Installing: /home/tural/ros2_ws/install/turtlebot3_gazebo/share/turtlebot3_gazebo//models/turtlebot3_house/cafe_table/meshes
[3.466s] -- Installing: /home/tural/ros2_ws/install/turtlebot3_gazebo/share/turtlebot3_gazebo//models/turtlebot3_house/cafe_table/meshes/cafe_table.dae
[3.466s] -- Installing: /home/tural/ros2_ws/install/turtlebot3_gazebo/share/turtlebot3_gazebo//models/turtlebot3_house/cafe_table/model.config
[3.466s] -- Installing: /home/tural/ros2_ws/install/turtlebot3_gazebo/share/turtlebot3_gazebo//models/turtlebot3_house/cafe_table/model-1_4.sdf
[3.466s] -- Installing: /home/tural/ros2_ws/install/turtlebot3_gazebo/share/turtlebot3_gazebo//models/turtlebot3_house/cafe_table/materials
[3.466s] -- Installing: /home/tural/ros2_ws/install/turtlebot3_gazebo/share/turtlebot3_gazebo//models/turtlebot3_house/cafe_table/materials/textures
[3.467s] -- Installing: /home/tural/ros2_ws/install/turtlebot3_gazebo/share/turtlebot3_gazebo//models/turtlebot3_house/cafe_table/materials/textures/Wood_Floor_Dark.jpg
[3.467s] -- Installing: /home/tural/ros2_ws/install/turtlebot3_gazebo/share/turtlebot3_gazebo//models/turtlebot3_house/cafe_table/materials/textures/Maple.jpg
[3.467s] -- Installing: /home/tural/ros2_ws/install/turtlebot3_gazebo/share/turtlebot3_gazebo//models/turtlebot3_house/model.config
[3.467s] -- Installing: /home/tural/ros2_ws/install/turtlebot3_gazebo/share/turtlebot3_gazebo//models/turtlebot3_house/first_2015_trash_can
[3.468s] -- Installing: /home/tural/ros2_ws/install/turtlebot3_gazebo/share/turtlebot3_gazebo//models/turtlebot3_house/first_2015_trash_can/model.sdf
[3.468s] -- Installing: /home/tural/ros2_ws/install/turtlebot3_gazebo/share/turtlebot3_gazebo//models/turtlebot3_house/first_2015_trash_can/meshes
[3.468s] -- Installing: /home/tural/ros2_ws/install/turtlebot3_gazebo/share/turtlebot3_gazebo//models/turtlebot3_house/first_2015_trash_can/meshes/trash_can.dae
[3.470s] -- Installing: /home/tural/ros2_ws/install/turtlebot3_gazebo/share/turtlebot3_gazebo//models/turtlebot3_house/first_2015_trash_can/model.config
[3.470s] -- Installing: /home/tural/ros2_ws/install/turtlebot3_gazebo/share/turtlebot3_gazebo//models/turtlebot3_house/mailbox
[3.470s] -- Installing: /home/tural/ros2_ws/install/turtlebot3_gazebo/share/turtlebot3_gazebo//models/turtlebot3_house/mailbox/model.sdf
[3.471s] -- Installing: /home/tural/ros2_ws/install/turtlebot3_gazebo/share/turtlebot3_gazebo//models/turtlebot3_house/mailbox/meshes
[3.471s] -- Installing: /home/tural/ros2_ws/install/turtlebot3_gazebo/share/turtlebot3_gazebo//models/turtlebot3_house/mailbox/meshes/mailbox.dae
[3.471s] -- Installing: /home/tural/ros2_ws/install/turtlebot3_gazebo/share/turtlebot3_gazebo//models/turtlebot3_house/mailbox/model.config
[3.471s] -- Installing: /home/tural/ros2_ws/install/turtlebot3_gazebo/share/turtlebot3_gazebo//models/turtlebot3_house/mailbox/model-1_4.sdf
[3.472s] -- Installing: /home/tural/ros2_ws/install/turtlebot3_gazebo/share/turtlebot3_gazebo//models/turtlebot3_house/mailbox/model-1_3.sdf
[3.472s] -- Installing: /home/tural/ros2_ws/install/turtlebot3_gazebo/share/turtlebot3_gazebo//models/turtlebot3_house/mailbox/materials
[3.472s] -- Installing: /home/tural/ros2_ws/install/turtlebot3_gazebo/share/turtlebot3_gazebo//models/turtlebot3_house/mailbox/materials/textures
[3.472s] -- Installing: /home/tural/ros2_ws/install/turtlebot3_gazebo/share/turtlebot3_gazebo//models/turtlebot3_house/mailbox/materials/textures/Mailbox_Diffuse.png
[3.473s] -- Installing: /home/tural/ros2_ws/install/turtlebot3_gazebo/share/turtlebot3_gazebo//models/turtlebot3_house/mailbox/materials/textures/Mailbox_Diffuse.tga.orig
[3.475s] -- Installing: /home/tural/ros2_ws/install/turtlebot3_gazebo/share/turtlebot3_gazebo//models/turtlebot3_house/mailbox/materials/textures/Mailbox_Spec.png
[3.476s] -- Installing: /home/tural/ros2_ws/install/turtlebot3_gazebo/share/turtlebot3_gazebo//models/turtlebot3_house/mailbox/materials/scripts
[3.476s] -- Installing: /home/tural/ros2_ws/install/turtlebot3_gazebo/share/turtlebot3_gazebo//models/turtlebot3_house/mailbox/materials/scripts/mailbox.material
[3.476s] -- Installing: /home/tural/ros2_ws/install/turtlebot3_gazebo/share/turtlebot3_gazebo//params
[3.476s] -- Installing: /home/tural/ros2_ws/install/turtlebot3_gazebo/share/turtlebot3_gazebo//params/turtlebot3_waffle_bridge.yaml
[3.477s] -- Installing: /home/tural/ros2_ws/install/turtlebot3_gazebo/share/turtlebot3_gazebo//params/turtlebot3_burger_bridge.yaml
[3.477s] -- Installing: /home/tural/ros2_ws/install/turtlebot3_gazebo/share/turtlebot3_gazebo//params/turtlebot3_burger_cam_bridge.yaml
[3.477s] -- Installing: /home/tural/ros2_ws/install/turtlebot3_gazebo/share/turtlebot3_gazebo//params/turtlebot3_waffle_pi_bridge.yaml
[3.477s] -- Installing: /home/tural/ros2_ws/install/turtlebot3_gazebo/share/turtlebot3_gazebo//rviz
[3.478s] -- Installing: /home/tural/ros2_ws/install/turtlebot3_gazebo/share/turtlebot3_gazebo//rviz/tb3_gazebo.rviz
[3.478s] -- Installing: /home/tural/ros2_ws/install/turtlebot3_gazebo/share/turtlebot3_gazebo//urdf
[3.478s] -- Installing: /home/tural/ros2_ws/install/turtlebot3_gazebo/share/turtlebot3_gazebo//urdf/turtlebot3_burger.urdf
[3.478s] -- Installing: /home/tural/ros2_ws/install/turtlebot3_gazebo/share/turtlebot3_gazebo//urdf/turtlebot3_waffle.urdf
[3.478s] -- Installing: /home/tural/ros2_ws/install/turtlebot3_gazebo/share/turtlebot3_gazebo//urdf/turtlebot3_burger_cam.urdf
[3.479s] -- Installing: /home/tural/ros2_ws/install/turtlebot3_gazebo/share/turtlebot3_gazebo//urdf/common_properties.urdf
[3.479s] -- Installing: /home/tural/ros2_ws/install/turtlebot3_gazebo/share/turtlebot3_gazebo//urdf/turtlebot3_waffle_pi.urdf
[3.479s] -- Installing: /home/tural/ros2_ws/install/turtlebot3_gazebo/share/turtlebot3_gazebo//worlds
[3.479s] -- Installing: /home/tural/ros2_ws/install/turtlebot3_gazebo/share/turtlebot3_gazebo//worlds/empty_world.world
[3.479s] -- Installing: /home/tural/ros2_ws/install/turtlebot3_gazebo/share/turtlebot3_gazebo//worlds/turtlebot3_dqn_stage1.world
[3.480s] -- Installing: /home/tural/ros2_ws/install/turtlebot3_gazebo/share/turtlebot3_gazebo//worlds/turtlebot3_world.world
[3.480s] -- Installing: /home/tural/ros2_ws/install/turtlebot3_gazebo/share/turtlebot3_gazebo//worlds/turtlebot3_dqn_stage4.world
[3.480s] -- Installing: /home/tural/ros2_ws/install/turtlebot3_gazebo/share/turtlebot3_gazebo//worlds/turtlebot3_dqn_stage3.world
[3.481s] -- Installing: /home/tural/ros2_ws/install/turtlebot3_gazebo/share/turtlebot3_gazebo//worlds/turtlebot3_autorace_2020.world
[3.481s] -- Installing: /home/tural/ros2_ws/install/turtlebot3_gazebo/share/turtlebot3_gazebo//worlds/turtlebot3_house.world
[3.481s] -- Installing: /home/tural/ros2_ws/install/turtlebot3_gazebo/share/turtlebot3_gazebo//worlds/turtlebot3_dqn_stage2.world
[3.481s] -- Installing: /home/tural/ros2_ws/install/turtlebot3_gazebo/include/
[3.482s] -- Installing: /home/tural/ros2_ws/install/turtlebot3_gazebo/include//turtlebot3_gazebo
[3.482s] -- Installing: /home/tural/ros2_ws/install/turtlebot3_gazebo/include//turtlebot3_gazebo/obstacle1.hpp
[3.482s] -- Installing: /home/tural/ros2_ws/install/turtlebot3_gazebo/include//turtlebot3_gazebo/obstacles.hpp
[3.483s] -- Installing: /home/tural/ros2_ws/install/turtlebot3_gazebo/include//turtlebot3_gazebo/traffic_bar_plugin.hpp
[3.483s] -- Installing: /home/tural/ros2_ws/install/turtlebot3_gazebo/include//turtlebot3_gazebo/traffic_light_plugin.hpp
[3.483s] -- Installing: /home/tural/ros2_ws/install/turtlebot3_gazebo/include//turtlebot3_gazebo/obstacle2.hpp
[3.483s] -- Installing: /home/tural/ros2_ws/install/turtlebot3_gazebo/include//turtlebot3_gazebo/turtlebot3_drive.hpp
[3.484s] -- Installing: /home/tural/ros2_ws/install/turtlebot3_gazebo/share/ament_index/resource_index/package_run_dependencies/turtlebot3_gazebo
[3.484s] -- Installing: /home/tural/ros2_ws/install/turtlebot3_gazebo/share/ament_index/resource_index/parent_prefix_path/turtlebot3_gazebo
[3.484s] -- Installing: /home/tural/ros2_ws/install/turtlebot3_gazebo/share/turtlebot3_gazebo/environment/ament_prefix_path.sh
[3.484s] -- Installing: /home/tural/ros2_ws/install/turtlebot3_gazebo/share/turtlebot3_gazebo/environment/ament_prefix_path.dsv
[3.484s] -- Installing: /home/tural/ros2_ws/install/turtlebot3_gazebo/share/turtlebot3_gazebo/environment/path.sh
[3.485s] -- Installing: /home/tural/ros2_ws/install/turtlebot3_gazebo/share/turtlebot3_gazebo/environment/path.dsv
[3.485s] -- Installing: /home/tural/ros2_ws/install/turtlebot3_gazebo/share/turtlebot3_gazebo/local_setup.bash
[3.485s] -- Installing: /home/tural/ros2_ws/install/turtlebot3_gazebo/share/turtlebot3_gazebo/local_setup.sh
[3.485s] -- Installing: /home/tural/ros2_ws/install/turtlebot3_gazebo/share/turtlebot3_gazebo/local_setup.zsh
[3.485s] -- Installing: /home/tural/ros2_ws/install/turtlebot3_gazebo/share/turtlebot3_gazebo/local_setup.dsv
[3.485s] -- Installing: /home/tural/ros2_ws/install/turtlebot3_gazebo/share/turtlebot3_gazebo/package.dsv
[3.485s] -- Installing: /home/tural/ros2_ws/install/turtlebot3_gazebo/share/ament_index/resource_index/packages/turtlebot3_gazebo
[3.486s] -- Installing: /home/tural/ros2_ws/install/turtlebot3_gazebo/share/turtlebot3_gazebo/cmake/ament_cmake_export_include_directories-extras.cmake
[3.486s] -- Installing: /home/tural/ros2_ws/install/turtlebot3_gazebo/share/turtlebot3_gazebo/cmake/ament_cmake_export_dependencies-extras.cmake
[3.486s] -- Installing: /home/tural/ros2_ws/install/turtlebot3_gazebo/share/turtlebot3_gazebo/cmake/turtlebot3_gazeboConfig.cmake
[3.486s] -- Installing: /home/tural/ros2_ws/install/turtlebot3_gazebo/share/turtlebot3_gazebo/cmake/turtlebot3_gazeboConfig-version.cmake
[3.486s] -- Installing: /home/tural/ros2_ws/install/turtlebot3_gazebo/share/turtlebot3_gazebo/package.xml
[3.487s] Invoked command in '/home/tural/ros2_ws/build/turtlebot3_gazebo' returned '0': CMAKE_PREFIX_PATH=${CMAKE_PREFIX_PATH}:/home/tural/ros2_ws/install/turtlebot3_teleop:/home/tural/ros2_ws/install/turtlebot3_example:/opt/ros/jazzy DEBUGINFOD_URLS=https://debuginfod.ubuntu.com /usr/bin/cmake --install /home/tural/ros2_ws/build/turtlebot3_gazebo
