[ 50%] Built target goal_sender
[ 75%] Building CXX object CMakeFiles/odom_printer.dir/src/odom_printer.cpp.o
[100%] Linking CXX executable odom_printer
[100%] Built target odom_printer
-- Install configuration: ""
-- Up-to-date: /home/tural/ros2_ws/install/rover_control/lib/rover_control/goal_sender
-- Installing: /home/tural/ros2_ws/install/rover_control/lib/rover_control/odom_printer
-- Set non-toolchain portion of runtime path of "/home/tural/ros2_ws/install/rover_control/lib/rover_control/odom_printer" to ""
-- Up-to-date: /home/tural/ros2_ws/install/rover_control/share/ament_index/resource_index/package_run_dependencies/rover_control
-- Up-to-date: /home/tural/ros2_ws/install/rover_control/share/ament_index/resource_index/parent_prefix_path/rover_control
-- Up-to-date: /home/tural/ros2_ws/install/rover_control/share/rover_control/environment/ament_prefix_path.sh
-- Up-to-date: /home/tural/ros2_ws/install/rover_control/share/rover_control/environment/ament_prefix_path.dsv
-- Up-to-date: /home/tural/ros2_ws/install/rover_control/share/rover_control/environment/path.sh
-- Up-to-date: /home/tural/ros2_ws/install/rover_control/share/rover_control/environment/path.dsv
-- Up-to-date: /home/tural/ros2_ws/install/rover_control/share/rover_control/local_setup.bash
-- Up-to-date: /home/tural/ros2_ws/install/rover_control/share/rover_control/local_setup.sh
-- Up-to-date: /home/tural/ros2_ws/install/rover_control/share/rover_control/local_setup.zsh
-- Up-to-date: /home/tural/ros2_ws/install/rover_control/share/rover_control/local_setup.dsv
-- Up-to-date: /home/tural/ros2_ws/install/rover_control/share/rover_control/package.dsv
-- Up-to-date: /home/tural/ros2_ws/install/rover_control/share/ament_index/resource_index/packages/rover_control
-- Up-to-date: /home/tural/ros2_ws/install/rover_control/share/rover_control/cmake/rover_controlConfig.cmake
-- Up-to-date: /home/tural/ros2_ws/install/rover_control/share/rover_control/cmake/rover_controlConfig-version.cmake
-- Up-to-date: /home/tural/ros2_ws/install/rover_control/share/rover_control/package.xml
